
**** Build of configuration Debug for project EPD_iTClib ****

"C:\\ti\\ccsv6\\utils\\bin\\gmake" -k all 
'Building file: ../src/FPL_drivers/iTC_215_Aurora_Mb.c'
'Invoking: MSP430 Compiler'
"C:/ti/ccsv6/tools/compiler/ti-cgt-msp430_4.4.7/bin/cl430" -vmspx --abi=eabi --code_model=large --data_model=restricted --near_data=none --use_hw_mpy=F5 --include_path="C:/ti/ccsv6/ccs_base/msp430/include" --include_path="F:/PDI/Kit/EPD Extension Board GEN2/fw/EPD Extension Board Gen2 (EXT2)_v1.00 full/EPD_iTClib/src" --include_path="F:/PDI/Kit/EPD Extension Board GEN2/fw/EPD Extension Board Gen2 (EXT2)_v1.00 full/EPD_iTClib/driverlib/MSP430F5xx_6xx" --include_path="F:/PDI/Kit/EPD Extension Board GEN2/fw/EPD Extension Board Gen2 (EXT2)_v1.00 full/EPD_iTClib/src/FPL_drivers" --include_path="C:/ti/ccsv6/tools/compiler/ti-cgt-msp430_4.4.7/include" --advice:power="all" -g --define=__MSP430F5529__ --define=USE_PDI_EDP_LIB --display_error_number --diag_warning=225 --diag_wrap=off --silicon_errata=CPU21 --silicon_errata=CPU22 --silicon_errata=CPU23 --silicon_errata=CPU40 --small_enum --printf_support=minimal --preproc_with_compile --preproc_dependency="src/FPL_drivers/iTC_215_Aurora_Mb.pp" --obj_directory="src/FPL_drivers"  "../src/FPL_drivers/iTC_215_Aurora_Mb.c"
"../src/FPL_drivers/iTC_215_Aurora_Mb.c", line 132: remark #1542-D: (ULP 12.1) Detected memcpy() and recommend using DMA instead if greater than 100 words being transferred
'Finished building: ../src/FPL_drivers/iTC_215_Aurora_Mb.c'
' '
'Building file: ../src/FPL_drivers/iTC_271_Aurora_Mb.c'
'Invoking: MSP430 Compiler'
"C:/ti/ccsv6/tools/compiler/ti-cgt-msp430_4.4.7/bin/cl430" -vmspx --abi=eabi --code_model=large --data_model=restricted --near_data=none --use_hw_mpy=F5 --include_path="C:/ti/ccsv6/ccs_base/msp430/include" --include_path="F:/PDI/Kit/EPD Extension Board GEN2/fw/EPD Extension Board Gen2 (EXT2)_v1.00 full/EPD_iTClib/src" --include_path="F:/PDI/Kit/EPD Extension Board GEN2/fw/EPD Extension Board Gen2 (EXT2)_v1.00 full/EPD_iTClib/driverlib/MSP430F5xx_6xx" --include_path="F:/PDI/Kit/EPD Extension Board GEN2/fw/EPD Extension Board Gen2 (EXT2)_v1.00 full/EPD_iTClib/src/FPL_drivers" --include_path="C:/ti/ccsv6/tools/compiler/ti-cgt-msp430_4.4.7/include" --advice:power="all" -g --define=__MSP430F5529__ --define=USE_PDI_EDP_LIB --display_error_number --diag_warning=225 --diag_wrap=off --silicon_errata=CPU21 --silicon_errata=CPU22 --silicon_errata=CPU23 --silicon_errata=CPU40 --small_enum --printf_support=minimal --preproc_with_compile --preproc_dependency="src/FPL_drivers/iTC_271_Aurora_Mb.pp" --obj_directory="src/FPL_drivers"  "../src/FPL_drivers/iTC_271_Aurora_Mb.c"
"../src/FPL_drivers/iTC_271_Aurora_Mb.c", line 136: remark #1542-D: (ULP 12.1) Detected memcpy() and recommend using DMA instead if greater than 100 words being transferred
"../src/FPL_drivers/iTC_271_Aurora_Mb.c", line 149: remark #2553-D: (ULP 14.1) Array index (involving "tmp") of type "int". Recommend using "unsigned int"
"../src/FPL_drivers/iTC_271_Aurora_Mb.c", line 151: remark #2553-D: (ULP 14.1) Array index (involving "tmp") of type "int". Recommend using "unsigned int"
'Finished building: ../src/FPL_drivers/iTC_271_Aurora_Mb.c'
' '
'Building file: ../src/FPL_drivers/iTC_271_Spectra.c'
'Invoking: MSP430 Compiler'
"C:/ti/ccsv6/tools/compiler/ti-cgt-msp430_4.4.7/bin/cl430" -vmspx --abi=eabi --code_model=large --data_model=restricted --near_data=none --use_hw_mpy=F5 --include_path="C:/ti/ccsv6/ccs_base/msp430/include" --include_path="F:/PDI/Kit/EPD Extension Board GEN2/fw/EPD Extension Board Gen2 (EXT2)_v1.00 full/EPD_iTClib/src" --include_path="F:/PDI/Kit/EPD Extension Board GEN2/fw/EPD Extension Board Gen2 (EXT2)_v1.00 full/EPD_iTClib/driverlib/MSP430F5xx_6xx" --include_path="F:/PDI/Kit/EPD Extension Board GEN2/fw/EPD Extension Board Gen2 (EXT2)_v1.00 full/EPD_iTClib/src/FPL_drivers" --include_path="C:/ti/ccsv6/tools/compiler/ti-cgt-msp430_4.4.7/include" --advice:power="all" -g --define=__MSP430F5529__ --define=USE_PDI_EDP_LIB --display_error_number --diag_warning=225 --diag_wrap=off --silicon_errata=CPU21 --silicon_errata=CPU22 --silicon_errata=CPU23 --silicon_errata=CPU40 --small_enum --printf_support=minimal --preproc_with_compile --preproc_dependency="src/FPL_drivers/iTC_271_Spectra.pp" --obj_directory="src/FPL_drivers"  "../src/FPL_drivers/iTC_271_Spectra.c"
"../src/FPL_drivers/iTC_271_Spectra.c", line 332: remark #1527-D: (ULP 2.1) Detected SW delay loop using empty loop. Recommend using a timer module instead
"../src/FPL_drivers/iTC_271_Spectra.c", line 414: remark #1544-D: (ULP 13.1) Detected loop counting up. Recommend loops count down as detecting zeros is easier
"../src/FPL_drivers/iTC_271_Spectra.c", line 416: remark #1544-D: (ULP 13.1) Detected loop counting up. Recommend loops count down as detecting zeros is easier
"../src/FPL_drivers/iTC_271_Spectra.c", line 418: remark #2553-D: (ULP 14.1) Array index (involving "monochrome_image_ptr") of type "int". Recommend using "unsigned int"
"../src/FPL_drivers/iTC_271_Spectra.c", line 419: remark #2553-D: (ULP 14.1) Array index (involving "monochrome_image_ptr") of type "int". Recommend using "unsigned int"
"../src/FPL_drivers/iTC_271_Spectra.c", line 430: remark #1544-D: (ULP 13.1) Detected loop counting up. Recommend loops count down as detecting zeros is easier
"../src/FPL_drivers/iTC_271_Spectra.c", line 432: remark #1544-D: (ULP 13.1) Detected loop counting up. Recommend loops count down as detecting zeros is easier
"../src/FPL_drivers/iTC_271_Spectra.c", line 444: remark #1527-D: (ULP 2.1) Detected SW delay loop using empty loop. Recommend using a timer module instead
"../src/FPL_drivers/iTC_271_Spectra.c", line 459: remark #1544-D: (ULP 13.1) Detected loop counting up. Recommend loops count down as detecting zeros is easier
"../src/FPL_drivers/iTC_271_Spectra.c", line 463: remark #1544-D: (ULP 13.1) Detected loop counting up. Recommend loops count down as detecting zeros is easier
"../src/FPL_drivers/iTC_271_Spectra.c", line 465: remark #1545-D: (ULP 14.1) Array index of type "int". Recommend using "unsigned int"
"../src/FPL_drivers/iTC_271_Spectra.c", line 466: remark #1545-D: (ULP 14.1) Array index of type "int". Recommend using "unsigned int"
"../src/FPL_drivers/iTC_271_Spectra.c", line 476: remark #1544-D: (ULP 13.1) Detected loop counting up. Recommend loops count down as detecting zeros is easier
"../src/FPL_drivers/iTC_271_Spectra.c", line 480: remark #1544-D: (ULP 13.1) Detected loop counting up. Recommend loops count down as detecting zeros is easier
"../src/FPL_drivers/iTC_271_Spectra.c", line 490: remark #1527-D: (ULP 2.1) Detected SW delay loop using empty loop. Recommend using a timer module instead
'Finished building: ../src/FPL_drivers/iTC_271_Spectra.c'
' '
'Building file: ../src/FPL_drivers/iTC_287_Aurora_Mb.c'
'Invoking: MSP430 Compiler'
"C:/ti/ccsv6/tools/compiler/ti-cgt-msp430_4.4.7/bin/cl430" -vmspx --abi=eabi --code_model=large --data_model=restricted --near_data=none --use_hw_mpy=F5 --include_path="C:/ti/ccsv6/ccs_base/msp430/include" --include_path="F:/PDI/Kit/EPD Extension Board GEN2/fw/EPD Extension Board Gen2 (EXT2)_v1.00 full/EPD_iTClib/src" --include_path="F:/PDI/Kit/EPD Extension Board GEN2/fw/EPD Extension Board Gen2 (EXT2)_v1.00 full/EPD_iTClib/driverlib/MSP430F5xx_6xx" --include_path="F:/PDI/Kit/EPD Extension Board GEN2/fw/EPD Extension Board Gen2 (EXT2)_v1.00 full/EPD_iTClib/src/FPL_drivers" --include_path="C:/ti/ccsv6/tools/compiler/ti-cgt-msp430_4.4.7/include" --advice:power="all" -g --define=__MSP430F5529__ --define=USE_PDI_EDP_LIB --display_error_number --diag_warning=225 --diag_wrap=off --silicon_errata=CPU21 --silicon_errata=CPU22 --silicon_errata=CPU23 --silicon_errata=CPU40 --small_enum --printf_support=minimal --preproc_with_compile --preproc_dependency="src/FPL_drivers/iTC_287_Aurora_Mb.pp" --obj_directory="src/FPL_drivers"  "../src/FPL_drivers/iTC_287_Aurora_Mb.c"
"../src/FPL_drivers/iTC_287_Aurora_Mb.c", line 291: remark #1542-D: (ULP 12.1) Detected memcpy() and recommend using DMA instead if greater than 100 words being transferred
'Finished building: ../src/FPL_drivers/iTC_287_Aurora_Mb.c'
' '
'Building file: ../src/FPL_drivers/iTC_287_Spectra.c'
'Invoking: MSP430 Compiler'
"C:/ti/ccsv6/tools/compiler/ti-cgt-msp430_4.4.7/bin/cl430" -vmspx --abi=eabi --code_model=large --data_model=restricted --near_data=none --use_hw_mpy=F5 --include_path="C:/ti/ccsv6/ccs_base/msp430/include" --include_path="F:/PDI/Kit/EPD Extension Board GEN2/fw/EPD Extension Board Gen2 (EXT2)_v1.00 full/EPD_iTClib/src" --include_path="F:/PDI/Kit/EPD Extension Board GEN2/fw/EPD Extension Board Gen2 (EXT2)_v1.00 full/EPD_iTClib/driverlib/MSP430F5xx_6xx" --include_path="F:/PDI/Kit/EPD Extension Board GEN2/fw/EPD Extension Board Gen2 (EXT2)_v1.00 full/EPD_iTClib/src/FPL_drivers" --include_path="C:/ti/ccsv6/tools/compiler/ti-cgt-msp430_4.4.7/include" --advice:power="all" -g --define=__MSP430F5529__ --define=USE_PDI_EDP_LIB --display_error_number --diag_warning=225 --diag_wrap=off --silicon_errata=CPU21 --silicon_errata=CPU22 --silicon_errata=CPU23 --silicon_errata=CPU40 --small_enum --printf_support=minimal --preproc_with_compile --preproc_dependency="src/FPL_drivers/iTC_287_Spectra.pp" --obj_directory="src/FPL_drivers"  "../src/FPL_drivers/iTC_287_Spectra.c"
"../src/FPL_drivers/iTC_287_Spectra.c", line 286: remark #1542-D: (ULP 12.1) Detected memcpy() and recommend using DMA instead if greater than 100 words being transferred
'Finished building: ../src/FPL_drivers/iTC_287_Spectra.c'
' '
'Building file: ../src/FPL_drivers/iTC_403_Aurora_Mb.c'
'Invoking: MSP430 Compiler'
"C:/ti/ccsv6/tools/compiler/ti-cgt-msp430_4.4.7/bin/cl430" -vmspx --abi=eabi --code_model=large --data_model=restricted --near_data=none --use_hw_mpy=F5 --include_path="C:/ti/ccsv6/ccs_base/msp430/include" --include_path="F:/PDI/Kit/EPD Extension Board GEN2/fw/EPD Extension Board Gen2 (EXT2)_v1.00 full/EPD_iTClib/src" --include_path="F:/PDI/Kit/EPD Extension Board GEN2/fw/EPD Extension Board Gen2 (EXT2)_v1.00 full/EPD_iTClib/driverlib/MSP430F5xx_6xx" --include_path="F:/PDI/Kit/EPD Extension Board GEN2/fw/EPD Extension Board Gen2 (EXT2)_v1.00 full/EPD_iTClib/src/FPL_drivers" --include_path="C:/ti/ccsv6/tools/compiler/ti-cgt-msp430_4.4.7/include" --advice:power="all" -g --define=__MSP430F5529__ --define=USE_PDI_EDP_LIB --display_error_number --diag_warning=225 --diag_wrap=off --silicon_errata=CPU21 --silicon_errata=CPU22 --silicon_errata=CPU23 --silicon_errata=CPU40 --small_enum --printf_support=minimal --preproc_with_compile --preproc_dependency="src/FPL_drivers/iTC_403_Aurora_Mb.pp" --obj_directory="src/FPL_drivers"  "../src/FPL_drivers/iTC_403_Aurora_Mb.c"
"../src/FPL_drivers/iTC_403_Aurora_Mb.c", line 137: remark #1527-D: (ULP 2.1) Detected SW delay loop using empty loop. Recommend using a timer module instead
"../src/FPL_drivers/iTC_403_Aurora_Mb.c", line 153: remark #1544-D: (ULP 13.1) Detected loop counting up. Recommend loops count down as detecting zeros is easier
"../src/FPL_drivers/iTC_403_Aurora_Mb.c", line 155: remark #1544-D: (ULP 13.1) Detected loop counting up. Recommend loops count down as detecting zeros is easier
"../src/FPL_drivers/iTC_403_Aurora_Mb.c", line 163: remark #1527-D: (ULP 2.1) Detected SW delay loop using empty loop. Recommend using a timer module instead
"../src/FPL_drivers/iTC_403_Aurora_Mb.c", line 178: remark #1544-D: (ULP 13.1) Detected loop counting up. Recommend loops count down as detecting zeros is easier
"../src/FPL_drivers/iTC_403_Aurora_Mb.c", line 182: remark #1544-D: (ULP 13.1) Detected loop counting up. Recommend loops count down as detecting zeros is easier
"../src/FPL_drivers/iTC_403_Aurora_Mb.c", line 190: remark #1527-D: (ULP 2.1) Detected SW delay loop using empty loop. Recommend using a timer module instead
'Finished building: ../src/FPL_drivers/iTC_403_Aurora_Mb.c'
' '
'Building file: ../src/FPL_drivers/iTC_420_Aurora_Ma.c'
'Invoking: MSP430 Compiler'
"C:/ti/ccsv6/tools/compiler/ti-cgt-msp430_4.4.7/bin/cl430" -vmspx --abi=eabi --code_model=large --data_model=restricted --near_data=none --use_hw_mpy=F5 --include_path="C:/ti/ccsv6/ccs_base/msp430/include" --include_path="F:/PDI/Kit/EPD Extension Board GEN2/fw/EPD Extension Board Gen2 (EXT2)_v1.00 full/EPD_iTClib/src" --include_path="F:/PDI/Kit/EPD Extension Board GEN2/fw/EPD Extension Board Gen2 (EXT2)_v1.00 full/EPD_iTClib/driverlib/MSP430F5xx_6xx" --include_path="F:/PDI/Kit/EPD Extension Board GEN2/fw/EPD Extension Board Gen2 (EXT2)_v1.00 full/EPD_iTClib/src/FPL_drivers" --include_path="C:/ti/ccsv6/tools/compiler/ti-cgt-msp430_4.4.7/include" --advice:power="all" -g --define=__MSP430F5529__ --define=USE_PDI_EDP_LIB --display_error_number --diag_warning=225 --diag_wrap=off --silicon_errata=CPU21 --silicon_errata=CPU22 --silicon_errata=CPU23 --silicon_errata=CPU40 --small_enum --printf_support=minimal --preproc_with_compile --preproc_dependency="src/FPL_drivers/iTC_420_Aurora_Ma.pp" --obj_directory="src/FPL_drivers"  "../src/FPL_drivers/iTC_420_Aurora_Ma.c"
"../src/FPL_drivers/iTC_420_Aurora_Ma.c", line 241: remark #1542-D: (ULP 12.1) Detected memcpy() and recommend using DMA instead if greater than 100 words being transferred
"../src/FPL_drivers/iTC_420_Aurora_Ma.c", line 273: remark #1535-D: (ULP 8.1) variable "mode" is used as a constant. Recommend declaring variable as either 'static const' or 'const'
'Finished building: ../src/FPL_drivers/iTC_420_Aurora_Ma.c'
' '
'Building file: ../src/FPL_drivers/iTC_420_Spectra.c'
'Invoking: MSP430 Compiler'
"C:/ti/ccsv6/tools/compiler/ti-cgt-msp430_4.4.7/bin/cl430" -vmspx --abi=eabi --code_model=large --data_model=restricted --near_data=none --use_hw_mpy=F5 --include_path="C:/ti/ccsv6/ccs_base/msp430/include" --include_path="F:/PDI/Kit/EPD Extension Board GEN2/fw/EPD Extension Board Gen2 (EXT2)_v1.00 full/EPD_iTClib/src" --include_path="F:/PDI/Kit/EPD Extension Board GEN2/fw/EPD Extension Board Gen2 (EXT2)_v1.00 full/EPD_iTClib/driverlib/MSP430F5xx_6xx" --include_path="F:/PDI/Kit/EPD Extension Board GEN2/fw/EPD Extension Board Gen2 (EXT2)_v1.00 full/EPD_iTClib/src/FPL_drivers" --include_path="C:/ti/ccsv6/tools/compiler/ti-cgt-msp430_4.4.7/include" --advice:power="all" -g --define=__MSP430F5529__ --define=USE_PDI_EDP_LIB --display_error_number --diag_warning=225 --diag_wrap=off --silicon_errata=CPU21 --silicon_errata=CPU22 --silicon_errata=CPU23 --silicon_errata=CPU40 --small_enum --printf_support=minimal --preproc_with_compile --preproc_dependency="src/FPL_drivers/iTC_420_Spectra.pp" --obj_directory="src/FPL_drivers"  "../src/FPL_drivers/iTC_420_Spectra.c"
"../src/FPL_drivers/iTC_420_Spectra.c", line 393: remark #1542-D: (ULP 12.1) Detected memcpy() and recommend using DMA instead if greater than 100 words being transferred
'Finished building: ../src/FPL_drivers/iTC_420_Spectra.c'
' '
'Building file: ../src/FPL_drivers/iTC_Engine.c'
'Invoking: MSP430 Compiler'
"C:/ti/ccsv6/tools/compiler/ti-cgt-msp430_4.4.7/bin/cl430" -vmspx --abi=eabi --code_model=large --data_model=restricted --near_data=none --use_hw_mpy=F5 --include_path="C:/ti/ccsv6/ccs_base/msp430/include" --include_path="F:/PDI/Kit/EPD Extension Board GEN2/fw/EPD Extension Board Gen2 (EXT2)_v1.00 full/EPD_iTClib/src" --include_path="F:/PDI/Kit/EPD Extension Board GEN2/fw/EPD Extension Board Gen2 (EXT2)_v1.00 full/EPD_iTClib/driverlib/MSP430F5xx_6xx" --include_path="F:/PDI/Kit/EPD Extension Board GEN2/fw/EPD Extension Board Gen2 (EXT2)_v1.00 full/EPD_iTClib/src/FPL_drivers" --include_path="C:/ti/ccsv6/tools/compiler/ti-cgt-msp430_4.4.7/include" --advice:power="all" -g --define=__MSP430F5529__ --define=USE_PDI_EDP_LIB --display_error_number --diag_warning=225 --diag_wrap=off --silicon_errata=CPU21 --silicon_errata=CPU22 --silicon_errata=CPU23 --silicon_errata=CPU40 --small_enum --printf_support=minimal --preproc_with_compile --preproc_dependency="src/FPL_drivers/iTC_Engine.pp" --obj_directory="src/FPL_drivers"  "../src/FPL_drivers/iTC_Engine.c"
"../src/FPL_drivers/iTC_Engine.c", line 46: remark #1542-D: (ULP 12.1) Detected memcpy() and recommend using DMA instead if greater than 100 words being transferred
"../src/FPL_drivers/iTC_Engine.c", line 281: remark #1530-D: (ULP 5.1) Detected divide operation(s). Recommend moving them to RAM during run time or not using as these are processing/power intensive
"../src/FPL_drivers/iTC_Engine.c", line 283: remark #1544-D: (ULP 13.1) Detected loop counting up. Recommend loops count down as detecting zeros is easier
"../src/FPL_drivers/iTC_Engine.c", line 285: remark #1544-D: (ULP 13.1) Detected loop counting up. Recommend loops count down as detecting zeros is easier
"../src/FPL_drivers/iTC_Engine.c", line 293: remark #1544-D: (ULP 13.1) Detected loop counting up. Recommend loops count down as detecting zeros is easier
"../src/FPL_drivers/iTC_Engine.c", line 303: remark #1544-D: (ULP 13.1) Detected loop counting up. Recommend loops count down as detecting zeros is easier
'Finished building: ../src/FPL_drivers/iTC_Engine.c'
' '
'Building file: ../driverlib/MSP430F5xx_6xx/adc10_a.c'
'Invoking: MSP430 Compiler'
"C:/ti/ccsv6/tools/compiler/ti-cgt-msp430_4.4.7/bin/cl430" -vmspx --abi=eabi --code_model=large --data_model=restricted --near_data=none --use_hw_mpy=F5 --include_path="C:/ti/ccsv6/ccs_base/msp430/include" --include_path="F:/PDI/Kit/EPD Extension Board GEN2/fw/EPD Extension Board Gen2 (EXT2)_v1.00 full/EPD_iTClib/src" --include_path="F:/PDI/Kit/EPD Extension Board GEN2/fw/EPD Extension Board Gen2 (EXT2)_v1.00 full/EPD_iTClib/driverlib/MSP430F5xx_6xx" --include_path="F:/PDI/Kit/EPD Extension Board GEN2/fw/EPD Extension Board Gen2 (EXT2)_v1.00 full/EPD_iTClib/src/FPL_drivers" --include_path="C:/ti/ccsv6/tools/compiler/ti-cgt-msp430_4.4.7/include" --advice:power="all" -g --define=__MSP430F5529__ --define=USE_PDI_EDP_LIB --display_error_number --diag_warning=225 --diag_wrap=off --silicon_errata=CPU21 --silicon_errata=CPU22 --silicon_errata=CPU23 --silicon_errata=CPU40 --small_enum --printf_support=minimal --preproc_with_compile --preproc_dependency="driverlib/MSP430F5xx_6xx/adc10_a.pp" --obj_directory="driverlib/MSP430F5xx_6xx"  "../driverlib/MSP430F5xx_6xx/adc10_a.c"
'Finished building: ../driverlib/MSP430F5xx_6xx/adc10_a.c'
' '
'Building file: ../driverlib/MSP430F5xx_6xx/adc12_a.c'
'Invoking: MSP430 Compiler'
"C:/ti/ccsv6/tools/compiler/ti-cgt-msp430_4.4.7/bin/cl430" -vmspx --abi=eabi --code_model=large --data_model=restricted --near_data=none --use_hw_mpy=F5 --include_path="C:/ti/ccsv6/ccs_base/msp430/include" --include_path="F:/PDI/Kit/EPD Extension Board GEN2/fw/EPD Extension Board Gen2 (EXT2)_v1.00 full/EPD_iTClib/src" --include_path="F:/PDI/Kit/EPD Extension Board GEN2/fw/EPD Extension Board Gen2 (EXT2)_v1.00 full/EPD_iTClib/driverlib/MSP430F5xx_6xx" --include_path="F:/PDI/Kit/EPD Extension Board GEN2/fw/EPD Extension Board Gen2 (EXT2)_v1.00 full/EPD_iTClib/src/FPL_drivers" --include_path="C:/ti/ccsv6/tools/compiler/ti-cgt-msp430_4.4.7/include" --advice:power="all" -g --define=__MSP430F5529__ --define=USE_PDI_EDP_LIB --display_error_number --diag_warning=225 --diag_wrap=off --silicon_errata=CPU21 --silicon_errata=CPU22 --silicon_errata=CPU23 --silicon_errata=CPU40 --small_enum --printf_support=minimal --preproc_with_compile --preproc_dependency="driverlib/MSP430F5xx_6xx/adc12_a.pp" --obj_directory="driverlib/MSP430F5xx_6xx"  "../driverlib/MSP430F5xx_6xx/adc12_a.c"
"../driverlib/MSP430F5xx_6xx/adc12_a.c", line 60: remark #1535-D: (ULP 8.1) variable "retVal" is used as a constant. Recommend declaring variable as either 'static const' or 'const'
"../driverlib/MSP430F5xx_6xx/adc12_a.c", line 205: remark #1527-D: (ULP 2.1) Detected SW delay loop using empty loop. Recommend using a timer module instead
'Finished building: ../driverlib/MSP430F5xx_6xx/adc12_a.c'
' '
'Building file: ../driverlib/MSP430F5xx_6xx/aes.c'
'Invoking: MSP430 Compiler'
"C:/ti/ccsv6/tools/compiler/ti-cgt-msp430_4.4.7/bin/cl430" -vmspx --abi=eabi --code_model=large --data_model=restricted --near_data=none --use_hw_mpy=F5 --include_path="C:/ti/ccsv6/ccs_base/msp430/include" --include_path="F:/PDI/Kit/EPD Extension Board GEN2/fw/EPD Extension Board Gen2 (EXT2)_v1.00 full/EPD_iTClib/src" --include_path="F:/PDI/Kit/EPD Extension Board GEN2/fw/EPD Extension Board Gen2 (EXT2)_v1.00 full/EPD_iTClib/driverlib/MSP430F5xx_6xx" --include_path="F:/PDI/Kit/EPD Extension Board GEN2/fw/EPD Extension Board Gen2 (EXT2)_v1.00 full/EPD_iTClib/src/FPL_drivers" --include_path="C:/ti/ccsv6/tools/compiler/ti-cgt-msp430_4.4.7/include" --advice:power="all" -g --define=__MSP430F5529__ --define=USE_PDI_EDP_LIB --display_error_number --diag_warning=225 --diag_wrap=off --silicon_errata=CPU21 --silicon_errata=CPU22 --silicon_errata=CPU23 --silicon_errata=CPU40 --small_enum --printf_support=minimal --preproc_with_compile --preproc_dependency="driverlib/MSP430F5xx_6xx/aes.pp" --obj_directory="driverlib/MSP430F5xx_6xx"  "../driverlib/MSP430F5xx_6xx/aes.c"
'Finished building: ../driverlib/MSP430F5xx_6xx/aes.c'
' '
'Building file: ../driverlib/MSP430F5xx_6xx/battbak.c'
'Invoking: MSP430 Compiler'
"C:/ti/ccsv6/tools/compiler/ti-cgt-msp430_4.4.7/bin/cl430" -vmspx --abi=eabi --code_model=large --data_model=restricted --near_data=none --use_hw_mpy=F5 --include_path="C:/ti/ccsv6/ccs_base/msp430/include" --include_path="F:/PDI/Kit/EPD Extension Board GEN2/fw/EPD Extension Board Gen2 (EXT2)_v1.00 full/EPD_iTClib/src" --include_path="F:/PDI/Kit/EPD Extension Board GEN2/fw/EPD Extension Board Gen2 (EXT2)_v1.00 full/EPD_iTClib/driverlib/MSP430F5xx_6xx" --include_path="F:/PDI/Kit/EPD Extension Board GEN2/fw/EPD Extension Board Gen2 (EXT2)_v1.00 full/EPD_iTClib/src/FPL_drivers" --include_path="C:/ti/ccsv6/tools/compiler/ti-cgt-msp430_4.4.7/include" --advice:power="all" -g --define=__MSP430F5529__ --define=USE_PDI_EDP_LIB --display_error_number --diag_warning=225 --diag_wrap=off --silicon_errata=CPU21 --silicon_errata=CPU22 --silicon_errata=CPU23 --silicon_errata=CPU40 --small_enum --printf_support=minimal --preproc_with_compile --preproc_dependency="driverlib/MSP430F5xx_6xx/battbak.pp" --obj_directory="driverlib/MSP430F5xx_6xx"  "../driverlib/MSP430F5xx_6xx/battbak.c"
'Finished building: ../driverlib/MSP430F5xx_6xx/battbak.c'
' '
'Building file: ../driverlib/MSP430F5xx_6xx/comp_b.c'
'Invoking: MSP430 Compiler'
"C:/ti/ccsv6/tools/compiler/ti-cgt-msp430_4.4.7/bin/cl430" -vmspx --abi=eabi --code_model=large --data_model=restricted --near_data=none --use_hw_mpy=F5 --include_path="C:/ti/ccsv6/ccs_base/msp430/include" --include_path="F:/PDI/Kit/EPD Extension Board GEN2/fw/EPD Extension Board Gen2 (EXT2)_v1.00 full/EPD_iTClib/src" --include_path="F:/PDI/Kit/EPD Extension Board GEN2/fw/EPD Extension Board Gen2 (EXT2)_v1.00 full/EPD_iTClib/driverlib/MSP430F5xx_6xx" --include_path="F:/PDI/Kit/EPD Extension Board GEN2/fw/EPD Extension Board Gen2 (EXT2)_v1.00 full/EPD_iTClib/src/FPL_drivers" --include_path="C:/ti/ccsv6/tools/compiler/ti-cgt-msp430_4.4.7/include" --advice:power="all" -g --define=__MSP430F5529__ --define=USE_PDI_EDP_LIB --display_error_number --diag_warning=225 --diag_wrap=off --silicon_errata=CPU21 --silicon_errata=CPU22 --silicon_errata=CPU23 --silicon_errata=CPU40 --small_enum --printf_support=minimal --preproc_with_compile --preproc_dependency="driverlib/MSP430F5xx_6xx/comp_b.pp" --obj_directory="driverlib/MSP430F5xx_6xx"  "../driverlib/MSP430F5xx_6xx/comp_b.c"
"../driverlib/MSP430F5xx_6xx/comp_b.c", line 55: remark #1535-D: (ULP 8.1) variable "retVal" is used as a constant. Recommend declaring variable as either 'static const' or 'const'
'Finished building: ../driverlib/MSP430F5xx_6xx/comp_b.c'
' '
'Building file: ../driverlib/MSP430F5xx_6xx/crc.c'
'Invoking: MSP430 Compiler'
"C:/ti/ccsv6/tools/compiler/ti-cgt-msp430_4.4.7/bin/cl430" -vmspx --abi=eabi --code_model=large --data_model=restricted --near_data=none --use_hw_mpy=F5 --include_path="C:/ti/ccsv6/ccs_base/msp430/include" --include_path="F:/PDI/Kit/EPD Extension Board GEN2/fw/EPD Extension Board Gen2 (EXT2)_v1.00 full/EPD_iTClib/src" --include_path="F:/PDI/Kit/EPD Extension Board GEN2/fw/EPD Extension Board Gen2 (EXT2)_v1.00 full/EPD_iTClib/driverlib/MSP430F5xx_6xx" --include_path="F:/PDI/Kit/EPD Extension Board GEN2/fw/EPD Extension Board Gen2 (EXT2)_v1.00 full/EPD_iTClib/src/FPL_drivers" --include_path="C:/ti/ccsv6/tools/compiler/ti-cgt-msp430_4.4.7/include" --advice:power="all" -g --define=__MSP430F5529__ --define=USE_PDI_EDP_LIB --display_error_number --diag_warning=225 --diag_wrap=off --silicon_errata=CPU21 --silicon_errata=CPU22 --silicon_errata=CPU23 --silicon_errata=CPU40 --small_enum --printf_support=minimal --preproc_with_compile --preproc_dependency="driverlib/MSP430F5xx_6xx/crc.pp" --obj_directory="driverlib/MSP430F5xx_6xx"  "../driverlib/MSP430F5xx_6xx/crc.c"
'Finished building: ../driverlib/MSP430F5xx_6xx/crc.c'
' '
'Building file: ../driverlib/MSP430F5xx_6xx/ctsd16.c'
'Invoking: MSP430 Compiler'
"C:/ti/ccsv6/tools/compiler/ti-cgt-msp430_4.4.7/bin/cl430" -vmspx --abi=eabi --code_model=large --data_model=restricted --near_data=none --use_hw_mpy=F5 --include_path="C:/ti/ccsv6/ccs_base/msp430/include" --include_path="F:/PDI/Kit/EPD Extension Board GEN2/fw/EPD Extension Board Gen2 (EXT2)_v1.00 full/EPD_iTClib/src" --include_path="F:/PDI/Kit/EPD Extension Board GEN2/fw/EPD Extension Board Gen2 (EXT2)_v1.00 full/EPD_iTClib/driverlib/MSP430F5xx_6xx" --include_path="F:/PDI/Kit/EPD Extension Board GEN2/fw/EPD Extension Board Gen2 (EXT2)_v1.00 full/EPD_iTClib/src/FPL_drivers" --include_path="C:/ti/ccsv6/tools/compiler/ti-cgt-msp430_4.4.7/include" --advice:power="all" -g --define=__MSP430F5529__ --define=USE_PDI_EDP_LIB --display_error_number --diag_warning=225 --diag_wrap=off --silicon_errata=CPU21 --silicon_errata=CPU22 --silicon_errata=CPU23 --silicon_errata=CPU40 --small_enum --printf_support=minimal --preproc_with_compile --preproc_dependency="driverlib/MSP430F5xx_6xx/ctsd16.pp" --obj_directory="driverlib/MSP430F5xx_6xx"  "../driverlib/MSP430F5xx_6xx/ctsd16.c"
'Finished building: ../driverlib/MSP430F5xx_6xx/ctsd16.c'
' '
'Building file: ../driverlib/MSP430F5xx_6xx/dac12_a.c'
'Invoking: MSP430 Compiler'
"C:/ti/ccsv6/tools/compiler/ti-cgt-msp430_4.4.7/bin/cl430" -vmspx --abi=eabi --code_model=large --data_model=restricted --near_data=none --use_hw_mpy=F5 --include_path="C:/ti/ccsv6/ccs_base/msp430/include" --include_path="F:/PDI/Kit/EPD Extension Board GEN2/fw/EPD Extension Board Gen2 (EXT2)_v1.00 full/EPD_iTClib/src" --include_path="F:/PDI/Kit/EPD Extension Board GEN2/fw/EPD Extension Board Gen2 (EXT2)_v1.00 full/EPD_iTClib/driverlib/MSP430F5xx_6xx" --include_path="F:/PDI/Kit/EPD Extension Board GEN2/fw/EPD Extension Board Gen2 (EXT2)_v1.00 full/EPD_iTClib/src/FPL_drivers" --include_path="C:/ti/ccsv6/tools/compiler/ti-cgt-msp430_4.4.7/include" --advice:power="all" -g --define=__MSP430F5529__ --define=USE_PDI_EDP_LIB --display_error_number --diag_warning=225 --diag_wrap=off --silicon_errata=CPU21 --silicon_errata=CPU22 --silicon_errata=CPU23 --silicon_errata=CPU40 --small_enum --printf_support=minimal --preproc_with_compile --preproc_dependency="driverlib/MSP430F5xx_6xx/dac12_a.pp" --obj_directory="driverlib/MSP430F5xx_6xx"  "../driverlib/MSP430F5xx_6xx/dac12_a.c"
'Finished building: ../driverlib/MSP430F5xx_6xx/dac12_a.c'
' '
'Building file: ../driverlib/MSP430F5xx_6xx/dma.c'
'Invoking: MSP430 Compiler'
"C:/ti/ccsv6/tools/compiler/ti-cgt-msp430_4.4.7/bin/cl430" -vmspx --abi=eabi --code_model=large --data_model=restricted --near_data=none --use_hw_mpy=F5 --include_path="C:/ti/ccsv6/ccs_base/msp430/include" --include_path="F:/PDI/Kit/EPD Extension Board GEN2/fw/EPD Extension Board Gen2 (EXT2)_v1.00 full/EPD_iTClib/src" --include_path="F:/PDI/Kit/EPD Extension Board GEN2/fw/EPD Extension Board Gen2 (EXT2)_v1.00 full/EPD_iTClib/driverlib/MSP430F5xx_6xx" --include_path="F:/PDI/Kit/EPD Extension Board GEN2/fw/EPD Extension Board Gen2 (EXT2)_v1.00 full/EPD_iTClib/src/FPL_drivers" --include_path="C:/ti/ccsv6/tools/compiler/ti-cgt-msp430_4.4.7/include" --advice:power="all" -g --define=__MSP430F5529__ --define=USE_PDI_EDP_LIB --display_error_number --diag_warning=225 --diag_wrap=off --silicon_errata=CPU21 --silicon_errata=CPU22 --silicon_errata=CPU23 --silicon_errata=CPU40 --small_enum --printf_support=minimal --preproc_with_compile --preproc_dependency="driverlib/MSP430F5xx_6xx/dma.pp" --obj_directory="driverlib/MSP430F5xx_6xx"  "../driverlib/MSP430F5xx_6xx/dma.c"
'Finished building: ../driverlib/MSP430F5xx_6xx/dma.c'
' '
'Building file: ../driverlib/MSP430F5xx_6xx/eusci_a_spi.c'
'Invoking: MSP430 Compiler'
"C:/ti/ccsv6/tools/compiler/ti-cgt-msp430_4.4.7/bin/cl430" -vmspx --abi=eabi --code_model=large --data_model=restricted --near_data=none --use_hw_mpy=F5 --include_path="C:/ti/ccsv6/ccs_base/msp430/include" --include_path="F:/PDI/Kit/EPD Extension Board GEN2/fw/EPD Extension Board Gen2 (EXT2)_v1.00 full/EPD_iTClib/src" --include_path="F:/PDI/Kit/EPD Extension Board GEN2/fw/EPD Extension Board Gen2 (EXT2)_v1.00 full/EPD_iTClib/driverlib/MSP430F5xx_6xx" --include_path="F:/PDI/Kit/EPD Extension Board GEN2/fw/EPD Extension Board Gen2 (EXT2)_v1.00 full/EPD_iTClib/src/FPL_drivers" --include_path="C:/ti/ccsv6/tools/compiler/ti-cgt-msp430_4.4.7/include" --advice:power="all" -g --define=__MSP430F5529__ --define=USE_PDI_EDP_LIB --display_error_number --diag_warning=225 --diag_wrap=off --silicon_errata=CPU21 --silicon_errata=CPU22 --silicon_errata=CPU23 --silicon_errata=CPU40 --small_enum --printf_support=minimal --preproc_with_compile --preproc_dependency="driverlib/MSP430F5xx_6xx/eusci_a_spi.pp" --obj_directory="driverlib/MSP430F5xx_6xx"  "../driverlib/MSP430F5xx_6xx/eusci_a_spi.c"
'Finished building: ../driverlib/MSP430F5xx_6xx/eusci_a_spi.c'
' '
'Building file: ../driverlib/MSP430F5xx_6xx/eusci_a_uart.c'
'Invoking: MSP430 Compiler'
"C:/ti/ccsv6/tools/compiler/ti-cgt-msp430_4.4.7/bin/cl430" -vmspx --abi=eabi --code_model=large --data_model=restricted --near_data=none --use_hw_mpy=F5 --include_path="C:/ti/ccsv6/ccs_base/msp430/include" --include_path="F:/PDI/Kit/EPD Extension Board GEN2/fw/EPD Extension Board Gen2 (EXT2)_v1.00 full/EPD_iTClib/src" --include_path="F:/PDI/Kit/EPD Extension Board GEN2/fw/EPD Extension Board Gen2 (EXT2)_v1.00 full/EPD_iTClib/driverlib/MSP430F5xx_6xx" --include_path="F:/PDI/Kit/EPD Extension Board GEN2/fw/EPD Extension Board Gen2 (EXT2)_v1.00 full/EPD_iTClib/src/FPL_drivers" --include_path="C:/ti/ccsv6/tools/compiler/ti-cgt-msp430_4.4.7/include" --advice:power="all" -g --define=__MSP430F5529__ --define=USE_PDI_EDP_LIB --display_error_number --diag_warning=225 --diag_wrap=off --silicon_errata=CPU21 --silicon_errata=CPU22 --silicon_errata=CPU23 --silicon_errata=CPU40 --small_enum --printf_support=minimal --preproc_with_compile --preproc_dependency="driverlib/MSP430F5xx_6xx/eusci_a_uart.pp" --obj_directory="driverlib/MSP430F5xx_6xx"  "../driverlib/MSP430F5xx_6xx/eusci_a_uart.c"
'Finished building: ../driverlib/MSP430F5xx_6xx/eusci_a_uart.c'
' '
'Building file: ../driverlib/MSP430F5xx_6xx/eusci_b_i2c.c'
'Invoking: MSP430 Compiler'
"C:/ti/ccsv6/tools/compiler/ti-cgt-msp430_4.4.7/bin/cl430" -vmspx --abi=eabi --code_model=large --data_model=restricted --near_data=none --use_hw_mpy=F5 --include_path="C:/ti/ccsv6/ccs_base/msp430/include" --include_path="F:/PDI/Kit/EPD Extension Board GEN2/fw/EPD Extension Board Gen2 (EXT2)_v1.00 full/EPD_iTClib/src" --include_path="F:/PDI/Kit/EPD Extension Board GEN2/fw/EPD Extension Board Gen2 (EXT2)_v1.00 full/EPD_iTClib/driverlib/MSP430F5xx_6xx" --include_path="F:/PDI/Kit/EPD Extension Board GEN2/fw/EPD Extension Board Gen2 (EXT2)_v1.00 full/EPD_iTClib/src/FPL_drivers" --include_path="C:/ti/ccsv6/tools/compiler/ti-cgt-msp430_4.4.7/include" --advice:power="all" -g --define=__MSP430F5529__ --define=USE_PDI_EDP_LIB --display_error_number --diag_warning=225 --diag_wrap=off --silicon_errata=CPU21 --silicon_errata=CPU22 --silicon_errata=CPU23 --silicon_errata=CPU40 --small_enum --printf_support=minimal --preproc_with_compile --preproc_dependency="driverlib/MSP430F5xx_6xx/eusci_b_i2c.pp" --obj_directory="driverlib/MSP430F5xx_6xx"  "../driverlib/MSP430F5xx_6xx/eusci_b_i2c.c"
'Finished building: ../driverlib/MSP430F5xx_6xx/eusci_b_i2c.c'
' '
'Building file: ../driverlib/MSP430F5xx_6xx/eusci_b_spi.c'
'Invoking: MSP430 Compiler'
"C:/ti/ccsv6/tools/compiler/ti-cgt-msp430_4.4.7/bin/cl430" -vmspx --abi=eabi --code_model=large --data_model=restricted --near_data=none --use_hw_mpy=F5 --include_path="C:/ti/ccsv6/ccs_base/msp430/include" --include_path="F:/PDI/Kit/EPD Extension Board GEN2/fw/EPD Extension Board Gen2 (EXT2)_v1.00 full/EPD_iTClib/src" --include_path="F:/PDI/Kit/EPD Extension Board GEN2/fw/EPD Extension Board Gen2 (EXT2)_v1.00 full/EPD_iTClib/driverlib/MSP430F5xx_6xx" --include_path="F:/PDI/Kit/EPD Extension Board GEN2/fw/EPD Extension Board Gen2 (EXT2)_v1.00 full/EPD_iTClib/src/FPL_drivers" --include_path="C:/ti/ccsv6/tools/compiler/ti-cgt-msp430_4.4.7/include" --advice:power="all" -g --define=__MSP430F5529__ --define=USE_PDI_EDP_LIB --display_error_number --diag_warning=225 --diag_wrap=off --silicon_errata=CPU21 --silicon_errata=CPU22 --silicon_errata=CPU23 --silicon_errata=CPU40 --small_enum --printf_support=minimal --preproc_with_compile --preproc_dependency="driverlib/MSP430F5xx_6xx/eusci_b_spi.pp" --obj_directory="driverlib/MSP430F5xx_6xx"  "../driverlib/MSP430F5xx_6xx/eusci_b_spi.c"
'Finished building: ../driverlib/MSP430F5xx_6xx/eusci_b_spi.c'
' '
'Building file: ../driverlib/MSP430F5xx_6xx/flashctl.c'
'Invoking: MSP430 Compiler'
"C:/ti/ccsv6/tools/compiler/ti-cgt-msp430_4.4.7/bin/cl430" -vmspx --abi=eabi --code_model=large --data_model=restricted --near_data=none --use_hw_mpy=F5 --include_path="C:/ti/ccsv6/ccs_base/msp430/include" --include_path="F:/PDI/Kit/EPD Extension Board GEN2/fw/EPD Extension Board Gen2 (EXT2)_v1.00 full/EPD_iTClib/src" --include_path="F:/PDI/Kit/EPD Extension Board GEN2/fw/EPD Extension Board Gen2 (EXT2)_v1.00 full/EPD_iTClib/driverlib/MSP430F5xx_6xx" --include_path="F:/PDI/Kit/EPD Extension Board GEN2/fw/EPD Extension Board Gen2 (EXT2)_v1.00 full/EPD_iTClib/src/FPL_drivers" --include_path="C:/ti/ccsv6/tools/compiler/ti-cgt-msp430_4.4.7/include" --advice:power="all" -g --define=__MSP430F5529__ --define=USE_PDI_EDP_LIB --display_error_number --diag_warning=225 --diag_wrap=off --silicon_errata=CPU21 --silicon_errata=CPU22 --silicon_errata=CPU23 --silicon_errata=CPU40 --small_enum --printf_support=minimal --preproc_with_compile --preproc_dependency="driverlib/MSP430F5xx_6xx/flashctl.pp" --obj_directory="driverlib/MSP430F5xx_6xx"  "../driverlib/MSP430F5xx_6xx/flashctl.c"
"../driverlib/MSP430F5xx_6xx/flashctl.c", line 136: remark #1544-D: (ULP 13.1) Detected loop counting up. Recommend loops count down as detecting zeros is easier
'Finished building: ../driverlib/MSP430F5xx_6xx/flashctl.c'
' '
'Building file: ../driverlib/MSP430F5xx_6xx/gpio.c'
'Invoking: MSP430 Compiler'
"C:/ti/ccsv6/tools/compiler/ti-cgt-msp430_4.4.7/bin/cl430" -vmspx --abi=eabi --code_model=large --data_model=restricted --near_data=none --use_hw_mpy=F5 --include_path="C:/ti/ccsv6/ccs_base/msp430/include" --include_path="F:/PDI/Kit/EPD Extension Board GEN2/fw/EPD Extension Board Gen2 (EXT2)_v1.00 full/EPD_iTClib/src" --include_path="F:/PDI/Kit/EPD Extension Board GEN2/fw/EPD Extension Board Gen2 (EXT2)_v1.00 full/EPD_iTClib/driverlib/MSP430F5xx_6xx" --include_path="F:/PDI/Kit/EPD Extension Board GEN2/fw/EPD Extension Board Gen2 (EXT2)_v1.00 full/EPD_iTClib/src/FPL_drivers" --include_path="C:/ti/ccsv6/tools/compiler/ti-cgt-msp430_4.4.7/include" --advice:power="all" -g --define=__MSP430F5529__ --define=USE_PDI_EDP_LIB --display_error_number --diag_warning=225 --diag_wrap=off --silicon_errata=CPU21 --silicon_errata=CPU22 --silicon_errata=CPU23 --silicon_errata=CPU40 --small_enum --printf_support=minimal --preproc_with_compile --preproc_dependency="driverlib/MSP430F5xx_6xx/gpio.pp" --obj_directory="driverlib/MSP430F5xx_6xx"  "../driverlib/MSP430F5xx_6xx/gpio.c"
'Finished building: ../driverlib/MSP430F5xx_6xx/gpio.c'
' '
'Building file: ../driverlib/MSP430F5xx_6xx/lcd_b.c'
'Invoking: MSP430 Compiler'
"C:/ti/ccsv6/tools/compiler/ti-cgt-msp430_4.4.7/bin/cl430" -vmspx --abi=eabi --code_model=large --data_model=restricted --near_data=none --use_hw_mpy=F5 --include_path="C:/ti/ccsv6/ccs_base/msp430/include" --include_path="F:/PDI/Kit/EPD Extension Board GEN2/fw/EPD Extension Board Gen2 (EXT2)_v1.00 full/EPD_iTClib/src" --include_path="F:/PDI/Kit/EPD Extension Board GEN2/fw/EPD Extension Board Gen2 (EXT2)_v1.00 full/EPD_iTClib/driverlib/MSP430F5xx_6xx" --include_path="F:/PDI/Kit/EPD Extension Board GEN2/fw/EPD Extension Board Gen2 (EXT2)_v1.00 full/EPD_iTClib/src/FPL_drivers" --include_path="C:/ti/ccsv6/tools/compiler/ti-cgt-msp430_4.4.7/include" --advice:power="all" -g --define=__MSP430F5529__ --define=USE_PDI_EDP_LIB --display_error_number --diag_warning=225 --diag_wrap=off --silicon_errata=CPU21 --silicon_errata=CPU22 --silicon_errata=CPU23 --silicon_errata=CPU40 --small_enum --printf_support=minimal --preproc_with_compile --preproc_dependency="driverlib/MSP430F5xx_6xx/lcd_b.pp" --obj_directory="driverlib/MSP430F5xx_6xx"  "../driverlib/MSP430F5xx_6xx/lcd_b.c"
'Finished building: ../driverlib/MSP430F5xx_6xx/lcd_b.c'
' '
'Building file: ../driverlib/MSP430F5xx_6xx/ldopwr.c'
'Invoking: MSP430 Compiler'
"C:/ti/ccsv6/tools/compiler/ti-cgt-msp430_4.4.7/bin/cl430" -vmspx --abi=eabi --code_model=large --data_model=restricted --near_data=none --use_hw_mpy=F5 --include_path="C:/ti/ccsv6/ccs_base/msp430/include" --include_path="F:/PDI/Kit/EPD Extension Board GEN2/fw/EPD Extension Board Gen2 (EXT2)_v1.00 full/EPD_iTClib/src" --include_path="F:/PDI/Kit/EPD Extension Board GEN2/fw/EPD Extension Board Gen2 (EXT2)_v1.00 full/EPD_iTClib/driverlib/MSP430F5xx_6xx" --include_path="F:/PDI/Kit/EPD Extension Board GEN2/fw/EPD Extension Board Gen2 (EXT2)_v1.00 full/EPD_iTClib/src/FPL_drivers" --include_path="C:/ti/ccsv6/tools/compiler/ti-cgt-msp430_4.4.7/include" --advice:power="all" -g --define=__MSP430F5529__ --define=USE_PDI_EDP_LIB --display_error_number --diag_warning=225 --diag_wrap=off --silicon_errata=CPU21 --silicon_errata=CPU22 --silicon_errata=CPU23 --silicon_errata=CPU40 --small_enum --printf_support=minimal --preproc_with_compile --preproc_dependency="driverlib/MSP430F5xx_6xx/ldopwr.pp" --obj_directory="driverlib/MSP430F5xx_6xx"  "../driverlib/MSP430F5xx_6xx/ldopwr.c"
'Finished building: ../driverlib/MSP430F5xx_6xx/ldopwr.c'
' '
'Building file: ../driverlib/MSP430F5xx_6xx/mpy32.c'
'Invoking: MSP430 Compiler'
"C:/ti/ccsv6/tools/compiler/ti-cgt-msp430_4.4.7/bin/cl430" -vmspx --abi=eabi --code_model=large --data_model=restricted --near_data=none --use_hw_mpy=F5 --include_path="C:/ti/ccsv6/ccs_base/msp430/include" --include_path="F:/PDI/Kit/EPD Extension Board GEN2/fw/EPD Extension Board Gen2 (EXT2)_v1.00 full/EPD_iTClib/src" --include_path="F:/PDI/Kit/EPD Extension Board GEN2/fw/EPD Extension Board Gen2 (EXT2)_v1.00 full/EPD_iTClib/driverlib/MSP430F5xx_6xx" --include_path="F:/PDI/Kit/EPD Extension Board GEN2/fw/EPD Extension Board Gen2 (EXT2)_v1.00 full/EPD_iTClib/src/FPL_drivers" --include_path="C:/ti/ccsv6/tools/compiler/ti-cgt-msp430_4.4.7/include" --advice:power="all" -g --define=__MSP430F5529__ --define=USE_PDI_EDP_LIB --display_error_number --diag_warning=225 --diag_wrap=off --silicon_errata=CPU21 --silicon_errata=CPU22 --silicon_errata=CPU23 --silicon_errata=CPU40 --small_enum --printf_support=minimal --preproc_with_compile --preproc_dependency="driverlib/MSP430F5xx_6xx/mpy32.pp" --obj_directory="driverlib/MSP430F5xx_6xx"  "../driverlib/MSP430F5xx_6xx/mpy32.c"
'Finished building: ../driverlib/MSP430F5xx_6xx/mpy32.c'
' '
'Building file: ../driverlib/MSP430F5xx_6xx/oa.c'
'Invoking: MSP430 Compiler'
"C:/ti/ccsv6/tools/compiler/ti-cgt-msp430_4.4.7/bin/cl430" -vmspx --abi=eabi --code_model=large --data_model=restricted --near_data=none --use_hw_mpy=F5 --include_path="C:/ti/ccsv6/ccs_base/msp430/include" --include_path="F:/PDI/Kit/EPD Extension Board GEN2/fw/EPD Extension Board Gen2 (EXT2)_v1.00 full/EPD_iTClib/src" --include_path="F:/PDI/Kit/EPD Extension Board GEN2/fw/EPD Extension Board Gen2 (EXT2)_v1.00 full/EPD_iTClib/driverlib/MSP430F5xx_6xx" --include_path="F:/PDI/Kit/EPD Extension Board GEN2/fw/EPD Extension Board Gen2 (EXT2)_v1.00 full/EPD_iTClib/src/FPL_drivers" --include_path="C:/ti/ccsv6/tools/compiler/ti-cgt-msp430_4.4.7/include" --advice:power="all" -g --define=__MSP430F5529__ --define=USE_PDI_EDP_LIB --display_error_number --diag_warning=225 --diag_wrap=off --silicon_errata=CPU21 --silicon_errata=CPU22 --silicon_errata=CPU23 --silicon_errata=CPU40 --small_enum --printf_support=minimal --preproc_with_compile --preproc_dependency="driverlib/MSP430F5xx_6xx/oa.pp" --obj_directory="driverlib/MSP430F5xx_6xx"  "../driverlib/MSP430F5xx_6xx/oa.c"
'Finished building: ../driverlib/MSP430F5xx_6xx/oa.c'
' '
'Building file: ../driverlib/MSP430F5xx_6xx/pmap.c'
'Invoking: MSP430 Compiler'
"C:/ti/ccsv6/tools/compiler/ti-cgt-msp430_4.4.7/bin/cl430" -vmspx --abi=eabi --code_model=large --data_model=restricted --near_data=none --use_hw_mpy=F5 --include_path="C:/ti/ccsv6/ccs_base/msp430/include" --include_path="F:/PDI/Kit/EPD Extension Board GEN2/fw/EPD Extension Board Gen2 (EXT2)_v1.00 full/EPD_iTClib/src" --include_path="F:/PDI/Kit/EPD Extension Board GEN2/fw/EPD Extension Board Gen2 (EXT2)_v1.00 full/EPD_iTClib/driverlib/MSP430F5xx_6xx" --include_path="F:/PDI/Kit/EPD Extension Board GEN2/fw/EPD Extension Board Gen2 (EXT2)_v1.00 full/EPD_iTClib/src/FPL_drivers" --include_path="C:/ti/ccsv6/tools/compiler/ti-cgt-msp430_4.4.7/include" --advice:power="all" -g --define=__MSP430F5529__ --define=USE_PDI_EDP_LIB --display_error_number --diag_warning=225 --diag_wrap=off --silicon_errata=CPU21 --silicon_errata=CPU22 --silicon_errata=CPU23 --silicon_errata=CPU40 --small_enum --printf_support=minimal --preproc_with_compile --preproc_dependency="driverlib/MSP430F5xx_6xx/pmap.pp" --obj_directory="driverlib/MSP430F5xx_6xx"  "../driverlib/MSP430F5xx_6xx/pmap.c"
"../driverlib/MSP430F5xx_6xx/pmap.c", line 68: remark #1544-D: (ULP 13.1) Detected loop counting up. Recommend loops count down as detecting zeros is easier
"../driverlib/MSP430F5xx_6xx/pmap.c", line 68: remark #1543-D: (ULP 12.2) Detected for loop with repetitive data transfer. Recommend using DMA
'Finished building: ../driverlib/MSP430F5xx_6xx/pmap.c'
' '
'Building file: ../driverlib/MSP430F5xx_6xx/pmm.c'
'Invoking: MSP430 Compiler'
"C:/ti/ccsv6/tools/compiler/ti-cgt-msp430_4.4.7/bin/cl430" -vmspx --abi=eabi --code_model=large --data_model=restricted --near_data=none --use_hw_mpy=F5 --include_path="C:/ti/ccsv6/ccs_base/msp430/include" --include_path="F:/PDI/Kit/EPD Extension Board GEN2/fw/EPD Extension Board Gen2 (EXT2)_v1.00 full/EPD_iTClib/src" --include_path="F:/PDI/Kit/EPD Extension Board GEN2/fw/EPD Extension Board Gen2 (EXT2)_v1.00 full/EPD_iTClib/driverlib/MSP430F5xx_6xx" --include_path="F:/PDI/Kit/EPD Extension Board GEN2/fw/EPD Extension Board Gen2 (EXT2)_v1.00 full/EPD_iTClib/src/FPL_drivers" --include_path="C:/ti/ccsv6/tools/compiler/ti-cgt-msp430_4.4.7/include" --advice:power="all" -g --define=__MSP430F5529__ --define=USE_PDI_EDP_LIB --display_error_number --diag_warning=225 --diag_wrap=off --silicon_errata=CPU21 --silicon_errata=CPU22 --silicon_errata=CPU23 --silicon_errata=CPU40 --small_enum --printf_support=minimal --preproc_with_compile --preproc_dependency="driverlib/MSP430F5xx_6xx/pmm.pp" --obj_directory="driverlib/MSP430F5xx_6xx"  "../driverlib/MSP430F5xx_6xx/pmm.c"
"../driverlib/MSP430F5xx_6xx/pmm.c", line 306: remark #1528-D: (ULP 3.1) Detected flag polling using SVSMHDLYIFG. Recommend using an interrupt combined with enter LPMx and ISR
"../driverlib/MSP430F5xx_6xx/pmm.c", line 323: remark #1528-D: (ULP 3.1) Detected flag polling using SVSMHDLYIFG. Recommend using an interrupt combined with enter LPMx and ISR
"../driverlib/MSP430F5xx_6xx/pmm.c", line 348: remark #1528-D: (ULP 3.1) Detected flag polling using SVSMHDLYIFG. Recommend using an interrupt combined with enter LPMx and ISR
"../driverlib/MSP430F5xx_6xx/pmm.c", line 364: remark #1528-D: (ULP 3.1) Detected flag polling using SVSMLDLYIFG. Recommend using an interrupt combined with enter LPMx and ISR
"../driverlib/MSP430F5xx_6xx/pmm.c", line 402: remark #1528-D: (ULP 3.1) Detected flag polling using SVSMHDLYIFG. Recommend using an interrupt combined with enter LPMx and ISR
"../driverlib/MSP430F5xx_6xx/pmm.c", line 456: remark #1528-D: (ULP 3.1) Detected flag polling using SVSMLDLYIFG. Recommend using an interrupt combined with enter LPMx and ISR
"../driverlib/MSP430F5xx_6xx/pmm.c", line 496: remark #1528-D: (ULP 3.1) Detected flag polling using SVSMHDLYIFG. Recommend using an interrupt combined with enter LPMx and ISR
'Finished building: ../driverlib/MSP430F5xx_6xx/pmm.c'
' '
'Building file: ../driverlib/MSP430F5xx_6xx/ram.c'
'Invoking: MSP430 Compiler'
"C:/ti/ccsv6/tools/compiler/ti-cgt-msp430_4.4.7/bin/cl430" -vmspx --abi=eabi --code_model=large --data_model=restricted --near_data=none --use_hw_mpy=F5 --include_path="C:/ti/ccsv6/ccs_base/msp430/include" --include_path="F:/PDI/Kit/EPD Extension Board GEN2/fw/EPD Extension Board Gen2 (EXT2)_v1.00 full/EPD_iTClib/src" --include_path="F:/PDI/Kit/EPD Extension Board GEN2/fw/EPD Extension Board Gen2 (EXT2)_v1.00 full/EPD_iTClib/driverlib/MSP430F5xx_6xx" --include_path="F:/PDI/Kit/EPD Extension Board GEN2/fw/EPD Extension Board Gen2 (EXT2)_v1.00 full/EPD_iTClib/src/FPL_drivers" --include_path="C:/ti/ccsv6/tools/compiler/ti-cgt-msp430_4.4.7/include" --advice:power="all" -g --define=__MSP430F5529__ --define=USE_PDI_EDP_LIB --display_error_number --diag_warning=225 --diag_wrap=off --silicon_errata=CPU21 --silicon_errata=CPU22 --silicon_errata=CPU23 --silicon_errata=CPU40 --small_enum --printf_support=minimal --preproc_with_compile --preproc_dependency="driverlib/MSP430F5xx_6xx/ram.pp" --obj_directory="driverlib/MSP430F5xx_6xx"  "../driverlib/MSP430F5xx_6xx/ram.c"
'Finished building: ../driverlib/MSP430F5xx_6xx/ram.c'
' '
'Building file: ../driverlib/MSP430F5xx_6xx/ref.c'
'Invoking: MSP430 Compiler'
"C:/ti/ccsv6/tools/compiler/ti-cgt-msp430_4.4.7/bin/cl430" -vmspx --abi=eabi --code_model=large --data_model=restricted --near_data=none --use_hw_mpy=F5 --include_path="C:/ti/ccsv6/ccs_base/msp430/include" --include_path="F:/PDI/Kit/EPD Extension Board GEN2/fw/EPD Extension Board Gen2 (EXT2)_v1.00 full/EPD_iTClib/src" --include_path="F:/PDI/Kit/EPD Extension Board GEN2/fw/EPD Extension Board Gen2 (EXT2)_v1.00 full/EPD_iTClib/driverlib/MSP430F5xx_6xx" --include_path="F:/PDI/Kit/EPD Extension Board GEN2/fw/EPD Extension Board Gen2 (EXT2)_v1.00 full/EPD_iTClib/src/FPL_drivers" --include_path="C:/ti/ccsv6/tools/compiler/ti-cgt-msp430_4.4.7/include" --advice:power="all" -g --define=__MSP430F5529__ --define=USE_PDI_EDP_LIB --display_error_number --diag_warning=225 --diag_wrap=off --silicon_errata=CPU21 --silicon_errata=CPU22 --silicon_errata=CPU23 --silicon_errata=CPU40 --small_enum --printf_support=minimal --preproc_with_compile --preproc_dependency="driverlib/MSP430F5xx_6xx/ref.pp" --obj_directory="driverlib/MSP430F5xx_6xx"  "../driverlib/MSP430F5xx_6xx/ref.c"
'Finished building: ../driverlib/MSP430F5xx_6xx/ref.c'
' '
'Building file: ../driverlib/MSP430F5xx_6xx/rtc_a.c'
'Invoking: MSP430 Compiler'
"C:/ti/ccsv6/tools/compiler/ti-cgt-msp430_4.4.7/bin/cl430" -vmspx --abi=eabi --code_model=large --data_model=restricted --near_data=none --use_hw_mpy=F5 --include_path="C:/ti/ccsv6/ccs_base/msp430/include" --include_path="F:/PDI/Kit/EPD Extension Board GEN2/fw/EPD Extension Board Gen2 (EXT2)_v1.00 full/EPD_iTClib/src" --include_path="F:/PDI/Kit/EPD Extension Board GEN2/fw/EPD Extension Board Gen2 (EXT2)_v1.00 full/EPD_iTClib/driverlib/MSP430F5xx_6xx" --include_path="F:/PDI/Kit/EPD Extension Board GEN2/fw/EPD Extension Board Gen2 (EXT2)_v1.00 full/EPD_iTClib/src/FPL_drivers" --include_path="C:/ti/ccsv6/tools/compiler/ti-cgt-msp430_4.4.7/include" --advice:power="all" -g --define=__MSP430F5529__ --define=USE_PDI_EDP_LIB --display_error_number --diag_warning=225 --diag_wrap=off --silicon_errata=CPU21 --silicon_errata=CPU22 --silicon_errata=CPU23 --silicon_errata=CPU40 --small_enum --printf_support=minimal --preproc_with_compile --preproc_dependency="driverlib/MSP430F5xx_6xx/rtc_a.pp" --obj_directory="driverlib/MSP430F5xx_6xx"  "../driverlib/MSP430F5xx_6xx/rtc_a.c"
"../driverlib/MSP430F5xx_6xx/rtc_a.c", line 109: remark #1527-D: (ULP 2.1) Detected SW delay loop using empty loop. Recommend using a timer module instead
"../driverlib/MSP430F5xx_6xx/rtc_a.c", line 115: remark #1546-D: (ULP 15.1) Detected consecutive bitfield assigns. Recommend using bit mask instead
"../driverlib/MSP430F5xx_6xx/rtc_a.c", line 116: remark #1546-D: (ULP 15.1) Detected consecutive bitfield assigns. Recommend using bit mask instead
"../driverlib/MSP430F5xx_6xx/rtc_a.c", line 117: remark #1546-D: (ULP 15.1) Detected consecutive bitfield assigns. Recommend using bit mask instead
"../driverlib/MSP430F5xx_6xx/rtc_a.c", line 118: remark #1546-D: (ULP 15.1) Detected consecutive bitfield assigns. Recommend using bit mask instead
"../driverlib/MSP430F5xx_6xx/rtc_a.c", line 119: remark #1546-D: (ULP 15.1) Detected consecutive bitfield assigns. Recommend using bit mask instead
"../driverlib/MSP430F5xx_6xx/rtc_a.c", line 120: remark #1546-D: (ULP 15.1) Detected consecutive bitfield assigns. Recommend using bit mask instead
'Finished building: ../driverlib/MSP430F5xx_6xx/rtc_a.c'
' '
'Building file: ../driverlib/MSP430F5xx_6xx/rtc_b.c'
'Invoking: MSP430 Compiler'
"C:/ti/ccsv6/tools/compiler/ti-cgt-msp430_4.4.7/bin/cl430" -vmspx --abi=eabi --code_model=large --data_model=restricted --near_data=none --use_hw_mpy=F5 --include_path="C:/ti/ccsv6/ccs_base/msp430/include" --include_path="F:/PDI/Kit/EPD Extension Board GEN2/fw/EPD Extension Board Gen2 (EXT2)_v1.00 full/EPD_iTClib/src" --include_path="F:/PDI/Kit/EPD Extension Board GEN2/fw/EPD Extension Board Gen2 (EXT2)_v1.00 full/EPD_iTClib/driverlib/MSP430F5xx_6xx" --include_path="F:/PDI/Kit/EPD Extension Board GEN2/fw/EPD Extension Board Gen2 (EXT2)_v1.00 full/EPD_iTClib/src/FPL_drivers" --include_path="C:/ti/ccsv6/tools/compiler/ti-cgt-msp430_4.4.7/include" --advice:power="all" -g --define=__MSP430F5529__ --define=USE_PDI_EDP_LIB --display_error_number --diag_warning=225 --diag_wrap=off --silicon_errata=CPU21 --silicon_errata=CPU22 --silicon_errata=CPU23 --silicon_errata=CPU40 --small_enum --printf_support=minimal --preproc_with_compile --preproc_dependency="driverlib/MSP430F5xx_6xx/rtc_b.pp" --obj_directory="driverlib/MSP430F5xx_6xx"  "../driverlib/MSP430F5xx_6xx/rtc_b.c"
'Finished building: ../driverlib/MSP430F5xx_6xx/rtc_b.c'
' '
'Building file: ../driverlib/MSP430F5xx_6xx/rtc_c.c'
'Invoking: MSP430 Compiler'
"C:/ti/ccsv6/tools/compiler/ti-cgt-msp430_4.4.7/bin/cl430" -vmspx --abi=eabi --code_model=large --data_model=restricted --near_data=none --use_hw_mpy=F5 --include_path="C:/ti/ccsv6/ccs_base/msp430/include" --include_path="F:/PDI/Kit/EPD Extension Board GEN2/fw/EPD Extension Board Gen2 (EXT2)_v1.00 full/EPD_iTClib/src" --include_path="F:/PDI/Kit/EPD Extension Board GEN2/fw/EPD Extension Board Gen2 (EXT2)_v1.00 full/EPD_iTClib/driverlib/MSP430F5xx_6xx" --include_path="F:/PDI/Kit/EPD Extension Board GEN2/fw/EPD Extension Board Gen2 (EXT2)_v1.00 full/EPD_iTClib/src/FPL_drivers" --include_path="C:/ti/ccsv6/tools/compiler/ti-cgt-msp430_4.4.7/include" --advice:power="all" -g --define=__MSP430F5529__ --define=USE_PDI_EDP_LIB --display_error_number --diag_warning=225 --diag_wrap=off --silicon_errata=CPU21 --silicon_errata=CPU22 --silicon_errata=CPU23 --silicon_errata=CPU40 --small_enum --printf_support=minimal --preproc_with_compile --preproc_dependency="driverlib/MSP430F5xx_6xx/rtc_c.pp" --obj_directory="driverlib/MSP430F5xx_6xx"  "../driverlib/MSP430F5xx_6xx/rtc_c.c"
'Finished building: ../driverlib/MSP430F5xx_6xx/rtc_c.c'
' '
'Building file: ../driverlib/MSP430F5xx_6xx/sd24_b.c'
'Invoking: MSP430 Compiler'
"C:/ti/ccsv6/tools/compiler/ti-cgt-msp430_4.4.7/bin/cl430" -vmspx --abi=eabi --code_model=large --data_model=restricted --near_data=none --use_hw_mpy=F5 --include_path="C:/ti/ccsv6/ccs_base/msp430/include" --include_path="F:/PDI/Kit/EPD Extension Board GEN2/fw/EPD Extension Board Gen2 (EXT2)_v1.00 full/EPD_iTClib/src" --include_path="F:/PDI/Kit/EPD Extension Board GEN2/fw/EPD Extension Board Gen2 (EXT2)_v1.00 full/EPD_iTClib/driverlib/MSP430F5xx_6xx" --include_path="F:/PDI/Kit/EPD Extension Board GEN2/fw/EPD Extension Board Gen2 (EXT2)_v1.00 full/EPD_iTClib/src/FPL_drivers" --include_path="C:/ti/ccsv6/tools/compiler/ti-cgt-msp430_4.4.7/include" --advice:power="all" -g --define=__MSP430F5529__ --define=USE_PDI_EDP_LIB --display_error_number --diag_warning=225 --diag_wrap=off --silicon_errata=CPU21 --silicon_errata=CPU22 --silicon_errata=CPU23 --silicon_errata=CPU40 --small_enum --printf_support=minimal --preproc_with_compile --preproc_dependency="driverlib/MSP430F5xx_6xx/sd24_b.pp" --obj_directory="driverlib/MSP430F5xx_6xx"  "../driverlib/MSP430F5xx_6xx/sd24_b.c"
'Finished building: ../driverlib/MSP430F5xx_6xx/sd24_b.c'
' '
'Building file: ../driverlib/MSP430F5xx_6xx/sfr.c'
'Invoking: MSP430 Compiler'
"C:/ti/ccsv6/tools/compiler/ti-cgt-msp430_4.4.7/bin/cl430" -vmspx --abi=eabi --code_model=large --data_model=restricted --near_data=none --use_hw_mpy=F5 --include_path="C:/ti/ccsv6/ccs_base/msp430/include" --include_path="F:/PDI/Kit/EPD Extension Board GEN2/fw/EPD Extension Board Gen2 (EXT2)_v1.00 full/EPD_iTClib/src" --include_path="F:/PDI/Kit/EPD Extension Board GEN2/fw/EPD Extension Board Gen2 (EXT2)_v1.00 full/EPD_iTClib/driverlib/MSP430F5xx_6xx" --include_path="F:/PDI/Kit/EPD Extension Board GEN2/fw/EPD Extension Board Gen2 (EXT2)_v1.00 full/EPD_iTClib/src/FPL_drivers" --include_path="C:/ti/ccsv6/tools/compiler/ti-cgt-msp430_4.4.7/include" --advice:power="all" -g --define=__MSP430F5529__ --define=USE_PDI_EDP_LIB --display_error_number --diag_warning=225 --diag_wrap=off --silicon_errata=CPU21 --silicon_errata=CPU22 --silicon_errata=CPU23 --silicon_errata=CPU40 --small_enum --printf_support=minimal --preproc_with_compile --preproc_dependency="driverlib/MSP430F5xx_6xx/sfr.pp" --obj_directory="driverlib/MSP430F5xx_6xx"  "../driverlib/MSP430F5xx_6xx/sfr.c"
'Finished building: ../driverlib/MSP430F5xx_6xx/sfr.c'
' '
'Building file: ../driverlib/MSP430F5xx_6xx/sysctl.c'
'Invoking: MSP430 Compiler'
"C:/ti/ccsv6/tools/compiler/ti-cgt-msp430_4.4.7/bin/cl430" -vmspx --abi=eabi --code_model=large --data_model=restricted --near_data=none --use_hw_mpy=F5 --include_path="C:/ti/ccsv6/ccs_base/msp430/include" --include_path="F:/PDI/Kit/EPD Extension Board GEN2/fw/EPD Extension Board Gen2 (EXT2)_v1.00 full/EPD_iTClib/src" --include_path="F:/PDI/Kit/EPD Extension Board GEN2/fw/EPD Extension Board Gen2 (EXT2)_v1.00 full/EPD_iTClib/driverlib/MSP430F5xx_6xx" --include_path="F:/PDI/Kit/EPD Extension Board GEN2/fw/EPD Extension Board Gen2 (EXT2)_v1.00 full/EPD_iTClib/src/FPL_drivers" --include_path="C:/ti/ccsv6/tools/compiler/ti-cgt-msp430_4.4.7/include" --advice:power="all" -g --define=__MSP430F5529__ --define=USE_PDI_EDP_LIB --display_error_number --diag_warning=225 --diag_wrap=off --silicon_errata=CPU21 --silicon_errata=CPU22 --silicon_errata=CPU23 --silicon_errata=CPU40 --small_enum --printf_support=minimal --preproc_with_compile --preproc_dependency="driverlib/MSP430F5xx_6xx/sysctl.pp" --obj_directory="driverlib/MSP430F5xx_6xx"  "../driverlib/MSP430F5xx_6xx/sysctl.c"
'Finished building: ../driverlib/MSP430F5xx_6xx/sysctl.c'
' '
'Building file: ../driverlib/MSP430F5xx_6xx/tec.c'
'Invoking: MSP430 Compiler'
"C:/ti/ccsv6/tools/compiler/ti-cgt-msp430_4.4.7/bin/cl430" -vmspx --abi=eabi --code_model=large --data_model=restricted --near_data=none --use_hw_mpy=F5 --include_path="C:/ti/ccsv6/ccs_base/msp430/include" --include_path="F:/PDI/Kit/EPD Extension Board GEN2/fw/EPD Extension Board Gen2 (EXT2)_v1.00 full/EPD_iTClib/src" --include_path="F:/PDI/Kit/EPD Extension Board GEN2/fw/EPD Extension Board Gen2 (EXT2)_v1.00 full/EPD_iTClib/driverlib/MSP430F5xx_6xx" --include_path="F:/PDI/Kit/EPD Extension Board GEN2/fw/EPD Extension Board Gen2 (EXT2)_v1.00 full/EPD_iTClib/src/FPL_drivers" --include_path="C:/ti/ccsv6/tools/compiler/ti-cgt-msp430_4.4.7/include" --advice:power="all" -g --define=__MSP430F5529__ --define=USE_PDI_EDP_LIB --display_error_number --diag_warning=225 --diag_wrap=off --silicon_errata=CPU21 --silicon_errata=CPU22 --silicon_errata=CPU23 --silicon_errata=CPU40 --small_enum --printf_support=minimal --preproc_with_compile --preproc_dependency="driverlib/MSP430F5xx_6xx/tec.pp" --obj_directory="driverlib/MSP430F5xx_6xx"  "../driverlib/MSP430F5xx_6xx/tec.c"
'Finished building: ../driverlib/MSP430F5xx_6xx/tec.c'
' '
'Building file: ../driverlib/MSP430F5xx_6xx/timer_a.c'
'Invoking: MSP430 Compiler'
"C:/ti/ccsv6/tools/compiler/ti-cgt-msp430_4.4.7/bin/cl430" -vmspx --abi=eabi --code_model=large --data_model=restricted --near_data=none --use_hw_mpy=F5 --include_path="C:/ti/ccsv6/ccs_base/msp430/include" --include_path="F:/PDI/Kit/EPD Extension Board GEN2/fw/EPD Extension Board Gen2 (EXT2)_v1.00 full/EPD_iTClib/src" --include_path="F:/PDI/Kit/EPD Extension Board GEN2/fw/EPD Extension Board Gen2 (EXT2)_v1.00 full/EPD_iTClib/driverlib/MSP430F5xx_6xx" --include_path="F:/PDI/Kit/EPD Extension Board GEN2/fw/EPD Extension Board Gen2 (EXT2)_v1.00 full/EPD_iTClib/src/FPL_drivers" --include_path="C:/ti/ccsv6/tools/compiler/ti-cgt-msp430_4.4.7/include" --advice:power="all" -g --define=__MSP430F5529__ --define=USE_PDI_EDP_LIB --display_error_number --diag_warning=225 --diag_wrap=off --silicon_errata=CPU21 --silicon_errata=CPU22 --silicon_errata=CPU23 --silicon_errata=CPU40 --small_enum --printf_support=minimal --preproc_with_compile --preproc_dependency="driverlib/MSP430F5xx_6xx/timer_a.pp" --obj_directory="driverlib/MSP430F5xx_6xx"  "../driverlib/MSP430F5xx_6xx/timer_a.c"
'Finished building: ../driverlib/MSP430F5xx_6xx/timer_a.c'
' '
'Building file: ../driverlib/MSP430F5xx_6xx/timer_b.c'
'Invoking: MSP430 Compiler'
"C:/ti/ccsv6/tools/compiler/ti-cgt-msp430_4.4.7/bin/cl430" -vmspx --abi=eabi --code_model=large --data_model=restricted --near_data=none --use_hw_mpy=F5 --include_path="C:/ti/ccsv6/ccs_base/msp430/include" --include_path="F:/PDI/Kit/EPD Extension Board GEN2/fw/EPD Extension Board Gen2 (EXT2)_v1.00 full/EPD_iTClib/src" --include_path="F:/PDI/Kit/EPD Extension Board GEN2/fw/EPD Extension Board Gen2 (EXT2)_v1.00 full/EPD_iTClib/driverlib/MSP430F5xx_6xx" --include_path="F:/PDI/Kit/EPD Extension Board GEN2/fw/EPD Extension Board Gen2 (EXT2)_v1.00 full/EPD_iTClib/src/FPL_drivers" --include_path="C:/ti/ccsv6/tools/compiler/ti-cgt-msp430_4.4.7/include" --advice:power="all" -g --define=__MSP430F5529__ --define=USE_PDI_EDP_LIB --display_error_number --diag_warning=225 --diag_wrap=off --silicon_errata=CPU21 --silicon_errata=CPU22 --silicon_errata=CPU23 --silicon_errata=CPU40 --small_enum --printf_support=minimal --preproc_with_compile --preproc_dependency="driverlib/MSP430F5xx_6xx/timer_b.pp" --obj_directory="driverlib/MSP430F5xx_6xx"  "../driverlib/MSP430F5xx_6xx/timer_b.c"
'Finished building: ../driverlib/MSP430F5xx_6xx/timer_b.c'
' '
'Building file: ../driverlib/MSP430F5xx_6xx/timer_d.c'
'Invoking: MSP430 Compiler'
"C:/ti/ccsv6/tools/compiler/ti-cgt-msp430_4.4.7/bin/cl430" -vmspx --abi=eabi --code_model=large --data_model=restricted --near_data=none --use_hw_mpy=F5 --include_path="C:/ti/ccsv6/ccs_base/msp430/include" --include_path="F:/PDI/Kit/EPD Extension Board GEN2/fw/EPD Extension Board Gen2 (EXT2)_v1.00 full/EPD_iTClib/src" --include_path="F:/PDI/Kit/EPD Extension Board GEN2/fw/EPD Extension Board Gen2 (EXT2)_v1.00 full/EPD_iTClib/driverlib/MSP430F5xx_6xx" --include_path="F:/PDI/Kit/EPD Extension Board GEN2/fw/EPD Extension Board Gen2 (EXT2)_v1.00 full/EPD_iTClib/src/FPL_drivers" --include_path="C:/ti/ccsv6/tools/compiler/ti-cgt-msp430_4.4.7/include" --advice:power="all" -g --define=__MSP430F5529__ --define=USE_PDI_EDP_LIB --display_error_number --diag_warning=225 --diag_wrap=off --silicon_errata=CPU21 --silicon_errata=CPU22 --silicon_errata=CPU23 --silicon_errata=CPU40 --small_enum --printf_support=minimal --preproc_with_compile --preproc_dependency="driverlib/MSP430F5xx_6xx/timer_d.pp" --obj_directory="driverlib/MSP430F5xx_6xx"  "../driverlib/MSP430F5xx_6xx/timer_d.c"
'Finished building: ../driverlib/MSP430F5xx_6xx/timer_d.c'
' '
'Building file: ../driverlib/MSP430F5xx_6xx/tlv.c'
'Invoking: MSP430 Compiler'
"C:/ti/ccsv6/tools/compiler/ti-cgt-msp430_4.4.7/bin/cl430" -vmspx --abi=eabi --code_model=large --data_model=restricted --near_data=none --use_hw_mpy=F5 --include_path="C:/ti/ccsv6/ccs_base/msp430/include" --include_path="F:/PDI/Kit/EPD Extension Board GEN2/fw/EPD Extension Board Gen2 (EXT2)_v1.00 full/EPD_iTClib/src" --include_path="F:/PDI/Kit/EPD Extension Board GEN2/fw/EPD Extension Board Gen2 (EXT2)_v1.00 full/EPD_iTClib/driverlib/MSP430F5xx_6xx" --include_path="F:/PDI/Kit/EPD Extension Board GEN2/fw/EPD Extension Board Gen2 (EXT2)_v1.00 full/EPD_iTClib/src/FPL_drivers" --include_path="C:/ti/ccsv6/tools/compiler/ti-cgt-msp430_4.4.7/include" --advice:power="all" -g --define=__MSP430F5529__ --define=USE_PDI_EDP_LIB --display_error_number --diag_warning=225 --diag_wrap=off --silicon_errata=CPU21 --silicon_errata=CPU22 --silicon_errata=CPU23 --silicon_errata=CPU40 --small_enum --printf_support=minimal --preproc_with_compile --preproc_dependency="driverlib/MSP430F5xx_6xx/tlv.pp" --obj_directory="driverlib/MSP430F5xx_6xx"  "../driverlib/MSP430F5xx_6xx/tlv.c"
'Finished building: ../driverlib/MSP430F5xx_6xx/tlv.c'
' '
'Building file: ../driverlib/MSP430F5xx_6xx/ucs.c'
'Invoking: MSP430 Compiler'
"C:/ti/ccsv6/tools/compiler/ti-cgt-msp430_4.4.7/bin/cl430" -vmspx --abi=eabi --code_model=large --data_model=restricted --near_data=none --use_hw_mpy=F5 --include_path="C:/ti/ccsv6/ccs_base/msp430/include" --include_path="F:/PDI/Kit/EPD Extension Board GEN2/fw/EPD Extension Board Gen2 (EXT2)_v1.00 full/EPD_iTClib/src" --include_path="F:/PDI/Kit/EPD Extension Board GEN2/fw/EPD Extension Board Gen2 (EXT2)_v1.00 full/EPD_iTClib/driverlib/MSP430F5xx_6xx" --include_path="F:/PDI/Kit/EPD Extension Board GEN2/fw/EPD Extension Board Gen2 (EXT2)_v1.00 full/EPD_iTClib/src/FPL_drivers" --include_path="C:/ti/ccsv6/tools/compiler/ti-cgt-msp430_4.4.7/include" --advice:power="all" -g --define=__MSP430F5529__ --define=USE_PDI_EDP_LIB --display_error_number --diag_warning=225 --diag_wrap=off --silicon_errata=CPU21 --silicon_errata=CPU22 --silicon_errata=CPU23 --silicon_errata=CPU40 --small_enum --printf_support=minimal --preproc_with_compile --preproc_dependency="driverlib/MSP430F5xx_6xx/ucs.pp" --obj_directory="driverlib/MSP430F5xx_6xx"  "../driverlib/MSP430F5xx_6xx/ucs.c"
"../driverlib/MSP430F5xx_6xx/ucs.c", line 195: remark #1530-D: (ULP 5.1) Detected divide operation(s). Recommend moving them to RAM during run time or not using as these are processing/power intensive
"../driverlib/MSP430F5xx_6xx/ucs.c", line 202: remark #1544-D: (ULP 13.1) Detected loop counting up. Recommend loops count down as detecting zeros is easier
"../driverlib/MSP430F5xx_6xx/ucs.c", line 219: remark #1544-D: (ULP 13.1) Detected loop counting up. Recommend loops count down as detecting zeros is easier
"../driverlib/MSP430F5xx_6xx/ucs.c", line 227: remark #1530-D: (ULP 5.1) Detected divide operation(s). Recommend moving them to RAM during run time or not using as these are processing/power intensive
"../driverlib/MSP430F5xx_6xx/ucs.c", line 262: remark #1530-D: (ULP 5.1) Detected divide operation(s). Recommend moving them to RAM during run time or not using as these are processing/power intensive
"../driverlib/MSP430F5xx_6xx/ucs.c", line 266: remark #1530-D: (ULP 5.1) Detected divide operation(s). Recommend moving them to RAM during run time or not using as these are processing/power intensive
"../driverlib/MSP430F5xx_6xx/ucs.c", line 270: remark #1530-D: (ULP 5.1) Detected divide operation(s). Recommend moving them to RAM during run time or not using as these are processing/power intensive
"../driverlib/MSP430F5xx_6xx/ucs.c", line 288: remark #1530-D: (ULP 5.1) Detected divide operation(s). Recommend moving them to RAM during run time or not using as these are processing/power intensive
'Finished building: ../driverlib/MSP430F5xx_6xx/ucs.c'
' '
'Building file: ../driverlib/MSP430F5xx_6xx/usci_a_spi.c'
'Invoking: MSP430 Compiler'
"C:/ti/ccsv6/tools/compiler/ti-cgt-msp430_4.4.7/bin/cl430" -vmspx --abi=eabi --code_model=large --data_model=restricted --near_data=none --use_hw_mpy=F5 --include_path="C:/ti/ccsv6/ccs_base/msp430/include" --include_path="F:/PDI/Kit/EPD Extension Board GEN2/fw/EPD Extension Board Gen2 (EXT2)_v1.00 full/EPD_iTClib/src" --include_path="F:/PDI/Kit/EPD Extension Board GEN2/fw/EPD Extension Board Gen2 (EXT2)_v1.00 full/EPD_iTClib/driverlib/MSP430F5xx_6xx" --include_path="F:/PDI/Kit/EPD Extension Board GEN2/fw/EPD Extension Board Gen2 (EXT2)_v1.00 full/EPD_iTClib/src/FPL_drivers" --include_path="C:/ti/ccsv6/tools/compiler/ti-cgt-msp430_4.4.7/include" --advice:power="all" -g --define=__MSP430F5529__ --define=USE_PDI_EDP_LIB --display_error_number --diag_warning=225 --diag_wrap=off --silicon_errata=CPU21 --silicon_errata=CPU22 --silicon_errata=CPU23 --silicon_errata=CPU40 --small_enum --printf_support=minimal --preproc_with_compile --preproc_dependency="driverlib/MSP430F5xx_6xx/usci_a_spi.pp" --obj_directory="driverlib/MSP430F5xx_6xx"  "../driverlib/MSP430F5xx_6xx/usci_a_spi.c"
"../driverlib/MSP430F5xx_6xx/usci_a_spi.c", line 69: remark #1530-D: (ULP 5.1) Detected divide operation(s). Recommend moving them to RAM during run time or not using as these are processing/power intensive
"../driverlib/MSP430F5xx_6xx/usci_a_spi.c", line 99: remark #1530-D: (ULP 5.1) Detected divide operation(s). Recommend moving them to RAM during run time or not using as these are processing/power intensive
'Finished building: ../driverlib/MSP430F5xx_6xx/usci_a_spi.c'
' '
'Building file: ../driverlib/MSP430F5xx_6xx/usci_a_uart.c'
'Invoking: MSP430 Compiler'
"C:/ti/ccsv6/tools/compiler/ti-cgt-msp430_4.4.7/bin/cl430" -vmspx --abi=eabi --code_model=large --data_model=restricted --near_data=none --use_hw_mpy=F5 --include_path="C:/ti/ccsv6/ccs_base/msp430/include" --include_path="F:/PDI/Kit/EPD Extension Board GEN2/fw/EPD Extension Board Gen2 (EXT2)_v1.00 full/EPD_iTClib/src" --include_path="F:/PDI/Kit/EPD Extension Board GEN2/fw/EPD Extension Board Gen2 (EXT2)_v1.00 full/EPD_iTClib/driverlib/MSP430F5xx_6xx" --include_path="F:/PDI/Kit/EPD Extension Board GEN2/fw/EPD Extension Board Gen2 (EXT2)_v1.00 full/EPD_iTClib/src/FPL_drivers" --include_path="C:/ti/ccsv6/tools/compiler/ti-cgt-msp430_4.4.7/include" --advice:power="all" -g --define=__MSP430F5529__ --define=USE_PDI_EDP_LIB --display_error_number --diag_warning=225 --diag_wrap=off --silicon_errata=CPU21 --silicon_errata=CPU22 --silicon_errata=CPU23 --silicon_errata=CPU40 --small_enum --printf_support=minimal --preproc_with_compile --preproc_dependency="driverlib/MSP430F5xx_6xx/usci_a_uart.pp" --obj_directory="driverlib/MSP430F5xx_6xx"  "../driverlib/MSP430F5xx_6xx/usci_a_uart.c"
"../driverlib/MSP430F5xx_6xx/usci_a_uart.c", line 55: remark #1535-D: (ULP 8.1) variable "retVal" is used as a constant. Recommend declaring variable as either 'static const' or 'const'
"../driverlib/MSP430F5xx_6xx/usci_a_uart.c", line 120: remark #1528-D: (ULP 3.1) Detected flag polling using UCTXIFG. Recommend using an interrupt combined with enter LPMx and ISR
"../driverlib/MSP430F5xx_6xx/usci_a_uart.c", line 135: remark #1528-D: (ULP 3.1) Detected flag polling using UCRXIFG. Recommend using an interrupt combined with enter LPMx and ISR
"../driverlib/MSP430F5xx_6xx/usci_a_uart.c", line 249: remark #1528-D: (ULP 3.1) Detected flag polling using UCTXIFG. Recommend using an interrupt combined with enter LPMx and ISR
'Finished building: ../driverlib/MSP430F5xx_6xx/usci_a_uart.c'
' '
'Building file: ../driverlib/MSP430F5xx_6xx/usci_b_i2c.c'
'Invoking: MSP430 Compiler'
"C:/ti/ccsv6/tools/compiler/ti-cgt-msp430_4.4.7/bin/cl430" -vmspx --abi=eabi --code_model=large --data_model=restricted --near_data=none --use_hw_mpy=F5 --include_path="C:/ti/ccsv6/ccs_base/msp430/include" --include_path="F:/PDI/Kit/EPD Extension Board GEN2/fw/EPD Extension Board Gen2 (EXT2)_v1.00 full/EPD_iTClib/src" --include_path="F:/PDI/Kit/EPD Extension Board GEN2/fw/EPD Extension Board Gen2 (EXT2)_v1.00 full/EPD_iTClib/driverlib/MSP430F5xx_6xx" --include_path="F:/PDI/Kit/EPD Extension Board GEN2/fw/EPD Extension Board Gen2 (EXT2)_v1.00 full/EPD_iTClib/src/FPL_drivers" --include_path="C:/ti/ccsv6/tools/compiler/ti-cgt-msp430_4.4.7/include" --advice:power="all" -g --define=__MSP430F5529__ --define=USE_PDI_EDP_LIB --display_error_number --diag_warning=225 --diag_wrap=off --silicon_errata=CPU21 --silicon_errata=CPU22 --silicon_errata=CPU23 --silicon_errata=CPU40 --small_enum --printf_support=minimal --preproc_with_compile --preproc_dependency="driverlib/MSP430F5xx_6xx/usci_b_i2c.pp" --obj_directory="driverlib/MSP430F5xx_6xx"  "../driverlib/MSP430F5xx_6xx/usci_b_i2c.c"
"../driverlib/MSP430F5xx_6xx/usci_b_i2c.c", line 77: remark #1530-D: (ULP 5.1) Detected divide operation(s). Recommend moving them to RAM during run time or not using as these are processing/power intensive
"../driverlib/MSP430F5xx_6xx/usci_b_i2c.c", line 213: remark #1528-D: (ULP 3.1) Detected flag polling using UCTXIFG. Recommend using an interrupt combined with enter LPMx and ISR
"../driverlib/MSP430F5xx_6xx/usci_b_i2c.c", line 222: remark #1528-D: (ULP 3.1) Detected flag polling using UCTXIFG. Recommend using an interrupt combined with enter LPMx and ISR
"../driverlib/MSP430F5xx_6xx/usci_b_i2c.c", line 254: remark #1528-D: (ULP 3.1) Detected flag polling using UCTXIFG. Recommend using an interrupt combined with enter LPMx and ISR
"../driverlib/MSP430F5xx_6xx/usci_b_i2c.c", line 269: remark #1528-D: (ULP 3.1) Detected flag polling using UCTXIFG. Recommend using an interrupt combined with enter LPMx and ISR
"../driverlib/MSP430F5xx_6xx/usci_b_i2c.c", line 305: remark #1528-D: (ULP 3.1) Detected flag polling using UCTXIFG. Recommend using an interrupt combined with enter LPMx and ISR
"../driverlib/MSP430F5xx_6xx/usci_b_i2c.c", line 331: remark #1528-D: (ULP 3.1) Detected flag polling using UCTXIFG. Recommend using an interrupt combined with enter LPMx and ISR
"../driverlib/MSP430F5xx_6xx/usci_b_i2c.c", line 358: remark #1528-D: (ULP 3.1) Detected flag polling using UCTXIFG. Recommend using an interrupt combined with enter LPMx and ISR
"../driverlib/MSP430F5xx_6xx/usci_b_i2c.c", line 376: remark #1528-D: (ULP 3.1) Detected flag polling using UCTXIFG. Recommend using an interrupt combined with enter LPMx and ISR
"../driverlib/MSP430F5xx_6xx/usci_b_i2c.c", line 401: remark #1528-D: (ULP 3.1) Detected flag polling using UCTXIFG. Recommend using an interrupt combined with enter LPMx and ISR
"../driverlib/MSP430F5xx_6xx/usci_b_i2c.c", line 411: remark #1528-D: (ULP 3.1) Detected flag polling using UCTXIFG. Recommend using an interrupt combined with enter LPMx and ISR
"../driverlib/MSP430F5xx_6xx/usci_b_i2c.c", line 430: remark #1528-D: (ULP 3.1) Detected flag polling using UCTXIFG. Recommend using an interrupt combined with enter LPMx and ISR
"../driverlib/MSP430F5xx_6xx/usci_b_i2c.c", line 446: remark #1528-D: (ULP 3.1) Detected flag polling using UCTXIFG. Recommend using an interrupt combined with enter LPMx and ISR
"../driverlib/MSP430F5xx_6xx/usci_b_i2c.c", line 469: remark #1528-D: (ULP 3.1) Detected flag polling using UCTXIFG. Recommend using an interrupt combined with enter LPMx and ISR
"../driverlib/MSP430F5xx_6xx/usci_b_i2c.c", line 486: remark #1528-D: (ULP 3.1) Detected flag polling using UCTXIFG. Recommend using an interrupt combined with enter LPMx and ISR
"../driverlib/MSP430F5xx_6xx/usci_b_i2c.c", line 535: remark #1528-D: (ULP 3.1) Detected flag polling using UCRXIFG. Recommend using an interrupt combined with enter LPMx and ISR
"../driverlib/MSP430F5xx_6xx/usci_b_i2c.c", line 529: remark #1527-D: (ULP 2.1) Detected SW delay loop using empty loop. Recommend using a timer module instead
"../driverlib/MSP430F5xx_6xx/usci_b_i2c.c", line 569: remark #1528-D: (ULP 3.1) Detected flag polling using UCRXIFG. Recommend using an interrupt combined with enter LPMx and ISR
"../driverlib/MSP430F5xx_6xx/usci_b_i2c.c", line 557: remark #1527-D: (ULP 2.1) Detected SW delay loop using empty loop. Recommend using a timer module instead
"../driverlib/MSP430F5xx_6xx/usci_b_i2c.c", line 607: remark #1527-D: (ULP 2.1) Detected SW delay loop using empty loop. Recommend using a timer module instead
"../driverlib/MSP430F5xx_6xx/usci_b_i2c.c", line 638: remark #1527-D: (ULP 2.1) Detected SW delay loop using empty loop. Recommend using a timer module instead
"../driverlib/MSP430F5xx_6xx/usci_b_i2c.c", line 663: remark #1528-D: (ULP 3.1) Detected flag polling using UCRXIFG. Recommend using an interrupt combined with enter LPMx and ISR
'Finished building: ../driverlib/MSP430F5xx_6xx/usci_b_i2c.c'
' '
'Building file: ../driverlib/MSP430F5xx_6xx/usci_b_spi.c'
'Invoking: MSP430 Compiler'
"C:/ti/ccsv6/tools/compiler/ti-cgt-msp430_4.4.7/bin/cl430" -vmspx --abi=eabi --code_model=large --data_model=restricted --near_data=none --use_hw_mpy=F5 --include_path="C:/ti/ccsv6/ccs_base/msp430/include" --include_path="F:/PDI/Kit/EPD Extension Board GEN2/fw/EPD Extension Board Gen2 (EXT2)_v1.00 full/EPD_iTClib/src" --include_path="F:/PDI/Kit/EPD Extension Board GEN2/fw/EPD Extension Board Gen2 (EXT2)_v1.00 full/EPD_iTClib/driverlib/MSP430F5xx_6xx" --include_path="F:/PDI/Kit/EPD Extension Board GEN2/fw/EPD Extension Board Gen2 (EXT2)_v1.00 full/EPD_iTClib/src/FPL_drivers" --include_path="C:/ti/ccsv6/tools/compiler/ti-cgt-msp430_4.4.7/include" --advice:power="all" -g --define=__MSP430F5529__ --define=USE_PDI_EDP_LIB --display_error_number --diag_warning=225 --diag_wrap=off --silicon_errata=CPU21 --silicon_errata=CPU22 --silicon_errata=CPU23 --silicon_errata=CPU40 --small_enum --printf_support=minimal --preproc_with_compile --preproc_dependency="driverlib/MSP430F5xx_6xx/usci_b_spi.pp" --obj_directory="driverlib/MSP430F5xx_6xx"  "../driverlib/MSP430F5xx_6xx/usci_b_spi.c"
"../driverlib/MSP430F5xx_6xx/usci_b_spi.c", line 69: remark #1530-D: (ULP 5.1) Detected divide operation(s). Recommend moving them to RAM during run time or not using as these are processing/power intensive
"../driverlib/MSP430F5xx_6xx/usci_b_spi.c", line 97: remark #1530-D: (ULP 5.1) Detected divide operation(s). Recommend moving them to RAM during run time or not using as these are processing/power intensive
'Finished building: ../driverlib/MSP430F5xx_6xx/usci_b_spi.c'
' '
'Building file: ../driverlib/MSP430F5xx_6xx/wdt_a.c'
'Invoking: MSP430 Compiler'
"C:/ti/ccsv6/tools/compiler/ti-cgt-msp430_4.4.7/bin/cl430" -vmspx --abi=eabi --code_model=large --data_model=restricted --near_data=none --use_hw_mpy=F5 --include_path="C:/ti/ccsv6/ccs_base/msp430/include" --include_path="F:/PDI/Kit/EPD Extension Board GEN2/fw/EPD Extension Board Gen2 (EXT2)_v1.00 full/EPD_iTClib/src" --include_path="F:/PDI/Kit/EPD Extension Board GEN2/fw/EPD Extension Board Gen2 (EXT2)_v1.00 full/EPD_iTClib/driverlib/MSP430F5xx_6xx" --include_path="F:/PDI/Kit/EPD Extension Board GEN2/fw/EPD Extension Board Gen2 (EXT2)_v1.00 full/EPD_iTClib/src/FPL_drivers" --include_path="C:/ti/ccsv6/tools/compiler/ti-cgt-msp430_4.4.7/include" --advice:power="all" -g --define=__MSP430F5529__ --define=USE_PDI_EDP_LIB --display_error_number --diag_warning=225 --diag_wrap=off --silicon_errata=CPU21 --silicon_errata=CPU22 --silicon_errata=CPU23 --silicon_errata=CPU40 --small_enum --printf_support=minimal --preproc_with_compile --preproc_dependency="driverlib/MSP430F5xx_6xx/wdt_a.pp" --obj_directory="driverlib/MSP430F5xx_6xx"  "../driverlib/MSP430F5xx_6xx/wdt_a.c"
'Finished building: ../driverlib/MSP430F5xx_6xx/wdt_a.c'
' '
'Building target: EPD_iTClib.lib'
'Invoking: MSP430 Archiver'
"C:/ti/ccsv6/tools/compiler/ti-cgt-msp430_4.4.7/bin/ar430" r "EPD_iTClib.lib" "./src/FPL_drivers/iTC_215_Aurora_Mb.obj" "./src/FPL_drivers/iTC_271_Aurora_Mb.obj" "./src/FPL_drivers/iTC_271_Spectra.obj" "./src/FPL_drivers/iTC_287_Aurora_Mb.obj" "./src/FPL_drivers/iTC_287_Spectra.obj" "./src/FPL_drivers/iTC_403_Aurora_Mb.obj" "./src/FPL_drivers/iTC_420_Aurora_Ma.obj" "./src/FPL_drivers/iTC_420_Spectra.obj" "./src/FPL_drivers/iTC_Engine.obj" "./driverlib/MSP430F5xx_6xx/adc10_a.obj" "./driverlib/MSP430F5xx_6xx/adc12_a.obj" "./driverlib/MSP430F5xx_6xx/aes.obj" "./driverlib/MSP430F5xx_6xx/battbak.obj" "./driverlib/MSP430F5xx_6xx/comp_b.obj" "./driverlib/MSP430F5xx_6xx/crc.obj" "./driverlib/MSP430F5xx_6xx/ctsd16.obj" "./driverlib/MSP430F5xx_6xx/dac12_a.obj" "./driverlib/MSP430F5xx_6xx/dma.obj" "./driverlib/MSP430F5xx_6xx/eusci_a_spi.obj" "./driverlib/MSP430F5xx_6xx/eusci_a_uart.obj" "./driverlib/MSP430F5xx_6xx/eusci_b_i2c.obj" "./driverlib/MSP430F5xx_6xx/eusci_b_spi.obj" "./driverlib/MSP430F5xx_6xx/flashctl.obj" "./driverlib/MSP430F5xx_6xx/gpio.obj" "./driverlib/MSP430F5xx_6xx/lcd_b.obj" "./driverlib/MSP430F5xx_6xx/ldopwr.obj" "./driverlib/MSP430F5xx_6xx/mpy32.obj" "./driverlib/MSP430F5xx_6xx/oa.obj" "./driverlib/MSP430F5xx_6xx/pmap.obj" "./driverlib/MSP430F5xx_6xx/pmm.obj" "./driverlib/MSP430F5xx_6xx/ram.obj" "./driverlib/MSP430F5xx_6xx/ref.obj" "./driverlib/MSP430F5xx_6xx/rtc_a.obj" "./driverlib/MSP430F5xx_6xx/rtc_b.obj" "./driverlib/MSP430F5xx_6xx/rtc_c.obj" "./driverlib/MSP430F5xx_6xx/sd24_b.obj" "./driverlib/MSP430F5xx_6xx/sfr.obj" "./driverlib/MSP430F5xx_6xx/sysctl.obj" "./driverlib/MSP430F5xx_6xx/tec.obj" "./driverlib/MSP430F5xx_6xx/timer_a.obj" "./driverlib/MSP430F5xx_6xx/timer_b.obj" "./driverlib/MSP430F5xx_6xx/timer_d.obj" "./driverlib/MSP430F5xx_6xx/tlv.obj" "./driverlib/MSP430F5xx_6xx/ucs.obj" "./driverlib/MSP430F5xx_6xx/usci_a_spi.obj" "./driverlib/MSP430F5xx_6xx/usci_a_uart.obj" "./driverlib/MSP430F5xx_6xx/usci_b_i2c.obj" "./driverlib/MSP430F5xx_6xx/usci_b_spi.obj" "./driverlib/MSP430F5xx_6xx/wdt_a.obj"  
  ==>  new archive 'EPD_iTClib.lib'
  ==>  building archive 'EPD_iTClib.lib'
'Finished building target: EPD_iTClib.lib'
' '

**** Build Finished ****
