
**** Build of configuration Debug for project ITRI_EPD_Board ****

"C:\\ti\\ccsv6\\utils\\bin\\gmake" -k all 
'Building file: ../tm4c123gh6pm_startup_ccs.c'
'Invoking: ARM Compiler'
"C:/ti/ccsv6/tools/compiler/ti-cgt-arm_5.2.5/bin/armcl" -mv7M4 --code_state=16 --float_support=FPv4SPD16 --abi=eabi -me -Ooff --opt_for_speed=1 --include_path="C:/ti/ccsv6/tools/compiler/ti-cgt-arm_5.2.5/include" --include_path="C:/ti/TivaWare_C_Series-2.1.1.71" --include_path="F:/PDI/Kit/EPD Extension Board GEN2/fw/EPD Extension Board Gen2 (EXT2) full/ITRI_EPD_Board/src/HW_drivers/usb" --include_path="F:/PDI/Kit/EPD Extension Board GEN2/fw/EPD Extension Board Gen2 (EXT2) full/ITRI_EPD_Board/driverlib" --include_path="F:/PDI/Kit/EPD Extension Board GEN2/fw/EPD Extension Board Gen2 (EXT2) full/ITRI_EPD_Board/src/HW_drivers" --include_path="F:/PDI/Kit/EPD Extension Board GEN2/fw/EPD Extension Board Gen2 (EXT2) full/ITRI_EPD_Board/src" --include_path="F:/PDI/Kit/EPD Extension Board GEN2/fw/EPD Extension Board Gen2 (EXT2) full/ITRI_EPD_Board/src/PDI_apps_drivers" --include_path="F:/PDI/Kit/EPD Extension Board GEN2/fw/EPD Extension Board Gen2 (EXT2) full/ITRI_EPD_Board/src/PDI_displays_drivers" --include_path="F:/PDI/Kit/EPD Extension Board GEN2/fw/EPD Extension Board Gen2 (EXT2) full/ITRI_EPD_Board/src/PDI_displays_drivers/FPL_drivers" -g --gcc --define=ccs="ccs" --define=TARGET_IS_TM4C123_RB1 --define=PART_TM4C123GH6PM --define=USE_PDI_APPs --define=iTC_270_Spectra --diag_wrap=off --display_error_number --diag_warning=225 --small_enum --preproc_with_compile --preproc_dependency="tm4c123gh6pm_startup_ccs.pp"  "../tm4c123gh6pm_startup_ccs.c"
'Finished building: ../tm4c123gh6pm_startup_ccs.c'
' '
'Building file: ../src/main_ITRL_APPs.c'
'Invoking: ARM Compiler'
"C:/ti/ccsv6/tools/compiler/ti-cgt-arm_5.2.5/bin/armcl" -mv7M4 --code_state=16 --float_support=FPv4SPD16 --abi=eabi -me -Ooff --opt_for_speed=1 --include_path="C:/ti/ccsv6/tools/compiler/ti-cgt-arm_5.2.5/include" --include_path="C:/ti/TivaWare_C_Series-2.1.1.71" --include_path="F:/PDI/Kit/EPD Extension Board GEN2/fw/EPD Extension Board Gen2 (EXT2) full/ITRI_EPD_Board/src/HW_drivers/usb" --include_path="F:/PDI/Kit/EPD Extension Board GEN2/fw/EPD Extension Board Gen2 (EXT2) full/ITRI_EPD_Board/driverlib" --include_path="F:/PDI/Kit/EPD Extension Board GEN2/fw/EPD Extension Board Gen2 (EXT2) full/ITRI_EPD_Board/src/HW_drivers" --include_path="F:/PDI/Kit/EPD Extension Board GEN2/fw/EPD Extension Board Gen2 (EXT2) full/ITRI_EPD_Board/src" --include_path="F:/PDI/Kit/EPD Extension Board GEN2/fw/EPD Extension Board Gen2 (EXT2) full/ITRI_EPD_Board/src/PDI_apps_drivers" --include_path="F:/PDI/Kit/EPD Extension Board GEN2/fw/EPD Extension Board Gen2 (EXT2) full/ITRI_EPD_Board/src/PDI_displays_drivers" --include_path="F:/PDI/Kit/EPD Extension Board GEN2/fw/EPD Extension Board Gen2 (EXT2) full/ITRI_EPD_Board/src/PDI_displays_drivers/FPL_drivers" -g --gcc --define=ccs="ccs" --define=TARGET_IS_TM4C123_RB1 --define=PART_TM4C123GH6PM --define=USE_PDI_APPs --define=iTC_270_Spectra --diag_wrap=off --display_error_number --diag_warning=225 --small_enum --preproc_with_compile --preproc_dependency="src/main_ITRL_APPs.pp" --obj_directory="src"  "../src/main_ITRL_APPs.c"
'Finished building: ../src/main_ITRL_APPs.c'
' '
'Building file: ../src/PDI_displays_drivers/FPL_drivers/iTC_270_Spectra.c'
'Invoking: ARM Compiler'
"C:/ti/ccsv6/tools/compiler/ti-cgt-arm_5.2.5/bin/armcl" -mv7M4 --code_state=16 --float_support=FPv4SPD16 --abi=eabi -me -Ooff --opt_for_speed=1 --include_path="C:/ti/ccsv6/tools/compiler/ti-cgt-arm_5.2.5/include" --include_path="C:/ti/TivaWare_C_Series-2.1.1.71" --include_path="F:/PDI/Kit/EPD Extension Board GEN2/fw/EPD Extension Board Gen2 (EXT2) full/ITRI_EPD_Board/src/HW_drivers/usb" --include_path="F:/PDI/Kit/EPD Extension Board GEN2/fw/EPD Extension Board Gen2 (EXT2) full/ITRI_EPD_Board/driverlib" --include_path="F:/PDI/Kit/EPD Extension Board GEN2/fw/EPD Extension Board Gen2 (EXT2) full/ITRI_EPD_Board/src/HW_drivers" --include_path="F:/PDI/Kit/EPD Extension Board GEN2/fw/EPD Extension Board Gen2 (EXT2) full/ITRI_EPD_Board/src" --include_path="F:/PDI/Kit/EPD Extension Board GEN2/fw/EPD Extension Board Gen2 (EXT2) full/ITRI_EPD_Board/src/PDI_apps_drivers" --include_path="F:/PDI/Kit/EPD Extension Board GEN2/fw/EPD Extension Board Gen2 (EXT2) full/ITRI_EPD_Board/src/PDI_displays_drivers" --include_path="F:/PDI/Kit/EPD Extension Board GEN2/fw/EPD Extension Board Gen2 (EXT2) full/ITRI_EPD_Board/src/PDI_displays_drivers/FPL_drivers" -g --gcc --define=ccs="ccs" --define=TARGET_IS_TM4C123_RB1 --define=PART_TM4C123GH6PM --define=USE_PDI_APPs --define=iTC_270_Spectra --diag_wrap=off --display_error_number --diag_warning=225 --small_enum --preproc_with_compile --preproc_dependency="src/PDI_displays_drivers/FPL_drivers/iTC_270_Spectra.pp" --obj_directory="src/PDI_displays_drivers/FPL_drivers"  "../src/PDI_displays_drivers/FPL_drivers/iTC_270_Spectra.c"
'Finished building: ../src/PDI_displays_drivers/FPL_drivers/iTC_270_Spectra.c'
' '
'Building file: ../src/PDI_displays_drivers/EPD_interface.c'
'Invoking: ARM Compiler'
"C:/ti/ccsv6/tools/compiler/ti-cgt-arm_5.2.5/bin/armcl" -mv7M4 --code_state=16 --float_support=FPv4SPD16 --abi=eabi -me -Ooff --opt_for_speed=1 --include_path="C:/ti/ccsv6/tools/compiler/ti-cgt-arm_5.2.5/include" --include_path="C:/ti/TivaWare_C_Series-2.1.1.71" --include_path="F:/PDI/Kit/EPD Extension Board GEN2/fw/EPD Extension Board Gen2 (EXT2) full/ITRI_EPD_Board/src/HW_drivers/usb" --include_path="F:/PDI/Kit/EPD Extension Board GEN2/fw/EPD Extension Board Gen2 (EXT2) full/ITRI_EPD_Board/driverlib" --include_path="F:/PDI/Kit/EPD Extension Board GEN2/fw/EPD Extension Board Gen2 (EXT2) full/ITRI_EPD_Board/src/HW_drivers" --include_path="F:/PDI/Kit/EPD Extension Board GEN2/fw/EPD Extension Board Gen2 (EXT2) full/ITRI_EPD_Board/src" --include_path="F:/PDI/Kit/EPD Extension Board GEN2/fw/EPD Extension Board Gen2 (EXT2) full/ITRI_EPD_Board/src/PDI_apps_drivers" --include_path="F:/PDI/Kit/EPD Extension Board GEN2/fw/EPD Extension Board Gen2 (EXT2) full/ITRI_EPD_Board/src/PDI_displays_drivers" --include_path="F:/PDI/Kit/EPD Extension Board GEN2/fw/EPD Extension Board Gen2 (EXT2) full/ITRI_EPD_Board/src/PDI_displays_drivers/FPL_drivers" -g --gcc --define=ccs="ccs" --define=TARGET_IS_TM4C123_RB1 --define=PART_TM4C123GH6PM --define=USE_PDI_APPs --define=iTC_270_Spectra --diag_wrap=off --display_error_number --diag_warning=225 --small_enum --preproc_with_compile --preproc_dependency="src/PDI_displays_drivers/EPD_interface.pp" --obj_directory="src/PDI_displays_drivers"  "../src/PDI_displays_drivers/EPD_interface.c"
'Finished building: ../src/PDI_displays_drivers/EPD_interface.c'
' '
'Building file: ../src/PDI_apps_drivers/Data_Module.c'
'Invoking: ARM Compiler'
"C:/ti/ccsv6/tools/compiler/ti-cgt-arm_5.2.5/bin/armcl" -mv7M4 --code_state=16 --float_support=FPv4SPD16 --abi=eabi -me -Ooff --opt_for_speed=1 --include_path="C:/ti/ccsv6/tools/compiler/ti-cgt-arm_5.2.5/include" --include_path="C:/ti/TivaWare_C_Series-2.1.1.71" --include_path="F:/PDI/Kit/EPD Extension Board GEN2/fw/EPD Extension Board Gen2 (EXT2) full/ITRI_EPD_Board/src/HW_drivers/usb" --include_path="F:/PDI/Kit/EPD Extension Board GEN2/fw/EPD Extension Board Gen2 (EXT2) full/ITRI_EPD_Board/driverlib" --include_path="F:/PDI/Kit/EPD Extension Board GEN2/fw/EPD Extension Board Gen2 (EXT2) full/ITRI_EPD_Board/src/HW_drivers" --include_path="F:/PDI/Kit/EPD Extension Board GEN2/fw/EPD Extension Board Gen2 (EXT2) full/ITRI_EPD_Board/src" --include_path="F:/PDI/Kit/EPD Extension Board GEN2/fw/EPD Extension Board Gen2 (EXT2) full/ITRI_EPD_Board/src/PDI_apps_drivers" --include_path="F:/PDI/Kit/EPD Extension Board GEN2/fw/EPD Extension Board Gen2 (EXT2) full/ITRI_EPD_Board/src/PDI_displays_drivers" --include_path="F:/PDI/Kit/EPD Extension Board GEN2/fw/EPD Extension Board Gen2 (EXT2) full/ITRI_EPD_Board/src/PDI_displays_drivers/FPL_drivers" -g --gcc --define=ccs="ccs" --define=TARGET_IS_TM4C123_RB1 --define=PART_TM4C123GH6PM --define=USE_PDI_APPs --define=iTC_270_Spectra --diag_wrap=off --display_error_number --diag_warning=225 --small_enum --preproc_with_compile --preproc_dependency="src/PDI_apps_drivers/Data_Module.pp" --obj_directory="src/PDI_apps_drivers"  "../src/PDI_apps_drivers/Data_Module.c"
'Finished building: ../src/PDI_apps_drivers/Data_Module.c'
' '
'Building file: ../src/PDI_apps_drivers/Rtos.c'
'Invoking: ARM Compiler'
"C:/ti/ccsv6/tools/compiler/ti-cgt-arm_5.2.5/bin/armcl" -mv7M4 --code_state=16 --float_support=FPv4SPD16 --abi=eabi -me -Ooff --opt_for_speed=1 --include_path="C:/ti/ccsv6/tools/compiler/ti-cgt-arm_5.2.5/include" --include_path="C:/ti/TivaWare_C_Series-2.1.1.71" --include_path="F:/PDI/Kit/EPD Extension Board GEN2/fw/EPD Extension Board Gen2 (EXT2) full/ITRI_EPD_Board/src/HW_drivers/usb" --include_path="F:/PDI/Kit/EPD Extension Board GEN2/fw/EPD Extension Board Gen2 (EXT2) full/ITRI_EPD_Board/driverlib" --include_path="F:/PDI/Kit/EPD Extension Board GEN2/fw/EPD Extension Board Gen2 (EXT2) full/ITRI_EPD_Board/src/HW_drivers" --include_path="F:/PDI/Kit/EPD Extension Board GEN2/fw/EPD Extension Board Gen2 (EXT2) full/ITRI_EPD_Board/src" --include_path="F:/PDI/Kit/EPD Extension Board GEN2/fw/EPD Extension Board Gen2 (EXT2) full/ITRI_EPD_Board/src/PDI_apps_drivers" --include_path="F:/PDI/Kit/EPD Extension Board GEN2/fw/EPD Extension Board Gen2 (EXT2) full/ITRI_EPD_Board/src/PDI_displays_drivers" --include_path="F:/PDI/Kit/EPD Extension Board GEN2/fw/EPD Extension Board Gen2 (EXT2) full/ITRI_EPD_Board/src/PDI_displays_drivers/FPL_drivers" -g --gcc --define=ccs="ccs" --define=TARGET_IS_TM4C123_RB1 --define=PART_TM4C123GH6PM --define=USE_PDI_APPs --define=iTC_270_Spectra --diag_wrap=off --display_error_number --diag_warning=225 --small_enum --preproc_with_compile --preproc_dependency="src/PDI_apps_drivers/Rtos.pp" --obj_directory="src/PDI_apps_drivers"  "../src/PDI_apps_drivers/Rtos.c"
'Finished building: ../src/PDI_apps_drivers/Rtos.c'
' '
'Building file: ../src/HW_drivers/usb/usb_Driver.c'
'Invoking: ARM Compiler'
"C:/ti/ccsv6/tools/compiler/ti-cgt-arm_5.2.5/bin/armcl" -mv7M4 --code_state=16 --float_support=FPv4SPD16 --abi=eabi -me -Ooff --opt_for_speed=1 --include_path="C:/ti/ccsv6/tools/compiler/ti-cgt-arm_5.2.5/include" --include_path="C:/ti/TivaWare_C_Series-2.1.1.71" --include_path="F:/PDI/Kit/EPD Extension Board GEN2/fw/EPD Extension Board Gen2 (EXT2) full/ITRI_EPD_Board/src/HW_drivers/usb" --include_path="F:/PDI/Kit/EPD Extension Board GEN2/fw/EPD Extension Board Gen2 (EXT2) full/ITRI_EPD_Board/driverlib" --include_path="F:/PDI/Kit/EPD Extension Board GEN2/fw/EPD Extension Board Gen2 (EXT2) full/ITRI_EPD_Board/src/HW_drivers" --include_path="F:/PDI/Kit/EPD Extension Board GEN2/fw/EPD Extension Board Gen2 (EXT2) full/ITRI_EPD_Board/src" --include_path="F:/PDI/Kit/EPD Extension Board GEN2/fw/EPD Extension Board Gen2 (EXT2) full/ITRI_EPD_Board/src/PDI_apps_drivers" --include_path="F:/PDI/Kit/EPD Extension Board GEN2/fw/EPD Extension Board Gen2 (EXT2) full/ITRI_EPD_Board/src/PDI_displays_drivers" --include_path="F:/PDI/Kit/EPD Extension Board GEN2/fw/EPD Extension Board Gen2 (EXT2) full/ITRI_EPD_Board/src/PDI_displays_drivers/FPL_drivers" -g --gcc --define=ccs="ccs" --define=TARGET_IS_TM4C123_RB1 --define=PART_TM4C123GH6PM --define=USE_PDI_APPs --define=iTC_270_Spectra --diag_wrap=off --display_error_number --diag_warning=225 --small_enum --preproc_with_compile --preproc_dependency="src/HW_drivers/usb/usb_Driver.pp" --obj_directory="src/HW_drivers/usb"  "../src/HW_drivers/usb/usb_Driver.c"
'Finished building: ../src/HW_drivers/usb/usb_Driver.c'
' '
'Building file: ../src/HW_drivers/usb/usb_serial_structs.c'
'Invoking: ARM Compiler'
"C:/ti/ccsv6/tools/compiler/ti-cgt-arm_5.2.5/bin/armcl" -mv7M4 --code_state=16 --float_support=FPv4SPD16 --abi=eabi -me -Ooff --opt_for_speed=1 --include_path="C:/ti/ccsv6/tools/compiler/ti-cgt-arm_5.2.5/include" --include_path="C:/ti/TivaWare_C_Series-2.1.1.71" --include_path="F:/PDI/Kit/EPD Extension Board GEN2/fw/EPD Extension Board Gen2 (EXT2) full/ITRI_EPD_Board/src/HW_drivers/usb" --include_path="F:/PDI/Kit/EPD Extension Board GEN2/fw/EPD Extension Board Gen2 (EXT2) full/ITRI_EPD_Board/driverlib" --include_path="F:/PDI/Kit/EPD Extension Board GEN2/fw/EPD Extension Board Gen2 (EXT2) full/ITRI_EPD_Board/src/HW_drivers" --include_path="F:/PDI/Kit/EPD Extension Board GEN2/fw/EPD Extension Board Gen2 (EXT2) full/ITRI_EPD_Board/src" --include_path="F:/PDI/Kit/EPD Extension Board GEN2/fw/EPD Extension Board Gen2 (EXT2) full/ITRI_EPD_Board/src/PDI_apps_drivers" --include_path="F:/PDI/Kit/EPD Extension Board GEN2/fw/EPD Extension Board Gen2 (EXT2) full/ITRI_EPD_Board/src/PDI_displays_drivers" --include_path="F:/PDI/Kit/EPD Extension Board GEN2/fw/EPD Extension Board Gen2 (EXT2) full/ITRI_EPD_Board/src/PDI_displays_drivers/FPL_drivers" -g --gcc --define=ccs="ccs" --define=TARGET_IS_TM4C123_RB1 --define=PART_TM4C123GH6PM --define=USE_PDI_APPs --define=iTC_270_Spectra --diag_wrap=off --display_error_number --diag_warning=225 --small_enum --preproc_with_compile --preproc_dependency="src/HW_drivers/usb/usb_serial_structs.pp" --obj_directory="src/HW_drivers/usb"  "../src/HW_drivers/usb/usb_serial_structs.c"
'Finished building: ../src/HW_drivers/usb/usb_serial_structs.c'
' '
'Building file: ../src/HW_drivers/Board_HW_Driver.c'
'Invoking: ARM Compiler'
"C:/ti/ccsv6/tools/compiler/ti-cgt-arm_5.2.5/bin/armcl" -mv7M4 --code_state=16 --float_support=FPv4SPD16 --abi=eabi -me -Ooff --opt_for_speed=1 --include_path="C:/ti/ccsv6/tools/compiler/ti-cgt-arm_5.2.5/include" --include_path="C:/ti/TivaWare_C_Series-2.1.1.71" --include_path="F:/PDI/Kit/EPD Extension Board GEN2/fw/EPD Extension Board Gen2 (EXT2) full/ITRI_EPD_Board/src/HW_drivers/usb" --include_path="F:/PDI/Kit/EPD Extension Board GEN2/fw/EPD Extension Board Gen2 (EXT2) full/ITRI_EPD_Board/driverlib" --include_path="F:/PDI/Kit/EPD Extension Board GEN2/fw/EPD Extension Board Gen2 (EXT2) full/ITRI_EPD_Board/src/HW_drivers" --include_path="F:/PDI/Kit/EPD Extension Board GEN2/fw/EPD Extension Board Gen2 (EXT2) full/ITRI_EPD_Board/src" --include_path="F:/PDI/Kit/EPD Extension Board GEN2/fw/EPD Extension Board Gen2 (EXT2) full/ITRI_EPD_Board/src/PDI_apps_drivers" --include_path="F:/PDI/Kit/EPD Extension Board GEN2/fw/EPD Extension Board Gen2 (EXT2) full/ITRI_EPD_Board/src/PDI_displays_drivers" --include_path="F:/PDI/Kit/EPD Extension Board GEN2/fw/EPD Extension Board Gen2 (EXT2) full/ITRI_EPD_Board/src/PDI_displays_drivers/FPL_drivers" -g --gcc --define=ccs="ccs" --define=TARGET_IS_TM4C123_RB1 --define=PART_TM4C123GH6PM --define=USE_PDI_APPs --define=iTC_270_Spectra --diag_wrap=off --display_error_number --diag_warning=225 --small_enum --preproc_with_compile --preproc_dependency="src/HW_drivers/Board_HW_Driver.pp" --obj_directory="src/HW_drivers"  "../src/HW_drivers/Board_HW_Driver.c"
'Finished building: ../src/HW_drivers/Board_HW_Driver.c'
' '
'Building file: ../src/HW_drivers/EPD_Temperature_IIC.c'
'Invoking: ARM Compiler'
"C:/ti/ccsv6/tools/compiler/ti-cgt-arm_5.2.5/bin/armcl" -mv7M4 --code_state=16 --float_support=FPv4SPD16 --abi=eabi -me -Ooff --opt_for_speed=1 --include_path="C:/ti/ccsv6/tools/compiler/ti-cgt-arm_5.2.5/include" --include_path="C:/ti/TivaWare_C_Series-2.1.1.71" --include_path="F:/PDI/Kit/EPD Extension Board GEN2/fw/EPD Extension Board Gen2 (EXT2) full/ITRI_EPD_Board/src/HW_drivers/usb" --include_path="F:/PDI/Kit/EPD Extension Board GEN2/fw/EPD Extension Board Gen2 (EXT2) full/ITRI_EPD_Board/driverlib" --include_path="F:/PDI/Kit/EPD Extension Board GEN2/fw/EPD Extension Board Gen2 (EXT2) full/ITRI_EPD_Board/src/HW_drivers" --include_path="F:/PDI/Kit/EPD Extension Board GEN2/fw/EPD Extension Board Gen2 (EXT2) full/ITRI_EPD_Board/src" --include_path="F:/PDI/Kit/EPD Extension Board GEN2/fw/EPD Extension Board Gen2 (EXT2) full/ITRI_EPD_Board/src/PDI_apps_drivers" --include_path="F:/PDI/Kit/EPD Extension Board GEN2/fw/EPD Extension Board Gen2 (EXT2) full/ITRI_EPD_Board/src/PDI_displays_drivers" --include_path="F:/PDI/Kit/EPD Extension Board GEN2/fw/EPD Extension Board Gen2 (EXT2) full/ITRI_EPD_Board/src/PDI_displays_drivers/FPL_drivers" -g --gcc --define=ccs="ccs" --define=TARGET_IS_TM4C123_RB1 --define=PART_TM4C123GH6PM --define=USE_PDI_APPs --define=iTC_270_Spectra --diag_wrap=off --display_error_number --diag_warning=225 --small_enum --preproc_with_compile --preproc_dependency="src/HW_drivers/EPD_Temperature_IIC.pp" --obj_directory="src/HW_drivers"  "../src/HW_drivers/EPD_Temperature_IIC.c"
'Finished building: ../src/HW_drivers/EPD_Temperature_IIC.c'
' '
'Building file: ../src/HW_drivers/Mem_Flash.c'
'Invoking: ARM Compiler'
"C:/ti/ccsv6/tools/compiler/ti-cgt-arm_5.2.5/bin/armcl" -mv7M4 --code_state=16 --float_support=FPv4SPD16 --abi=eabi -me -Ooff --opt_for_speed=1 --include_path="C:/ti/ccsv6/tools/compiler/ti-cgt-arm_5.2.5/include" --include_path="C:/ti/TivaWare_C_Series-2.1.1.71" --include_path="F:/PDI/Kit/EPD Extension Board GEN2/fw/EPD Extension Board Gen2 (EXT2) full/ITRI_EPD_Board/src/HW_drivers/usb" --include_path="F:/PDI/Kit/EPD Extension Board GEN2/fw/EPD Extension Board Gen2 (EXT2) full/ITRI_EPD_Board/driverlib" --include_path="F:/PDI/Kit/EPD Extension Board GEN2/fw/EPD Extension Board Gen2 (EXT2) full/ITRI_EPD_Board/src/HW_drivers" --include_path="F:/PDI/Kit/EPD Extension Board GEN2/fw/EPD Extension Board Gen2 (EXT2) full/ITRI_EPD_Board/src" --include_path="F:/PDI/Kit/EPD Extension Board GEN2/fw/EPD Extension Board Gen2 (EXT2) full/ITRI_EPD_Board/src/PDI_apps_drivers" --include_path="F:/PDI/Kit/EPD Extension Board GEN2/fw/EPD Extension Board Gen2 (EXT2) full/ITRI_EPD_Board/src/PDI_displays_drivers" --include_path="F:/PDI/Kit/EPD Extension Board GEN2/fw/EPD Extension Board Gen2 (EXT2) full/ITRI_EPD_Board/src/PDI_displays_drivers/FPL_drivers" -g --gcc --define=ccs="ccs" --define=TARGET_IS_TM4C123_RB1 --define=PART_TM4C123GH6PM --define=USE_PDI_APPs --define=iTC_270_Spectra --diag_wrap=off --display_error_number --diag_warning=225 --small_enum --preproc_with_compile --preproc_dependency="src/HW_drivers/Mem_Flash.pp" --obj_directory="src/HW_drivers"  "../src/HW_drivers/Mem_Flash.c"
'Finished building: ../src/HW_drivers/Mem_Flash.c'
' '
'Building file: ../src/HW_drivers/Watchdog.c'
'Invoking: ARM Compiler'
"C:/ti/ccsv6/tools/compiler/ti-cgt-arm_5.2.5/bin/armcl" -mv7M4 --code_state=16 --float_support=FPv4SPD16 --abi=eabi -me -Ooff --opt_for_speed=1 --include_path="C:/ti/ccsv6/tools/compiler/ti-cgt-arm_5.2.5/include" --include_path="C:/ti/TivaWare_C_Series-2.1.1.71" --include_path="F:/PDI/Kit/EPD Extension Board GEN2/fw/EPD Extension Board Gen2 (EXT2) full/ITRI_EPD_Board/src/HW_drivers/usb" --include_path="F:/PDI/Kit/EPD Extension Board GEN2/fw/EPD Extension Board Gen2 (EXT2) full/ITRI_EPD_Board/driverlib" --include_path="F:/PDI/Kit/EPD Extension Board GEN2/fw/EPD Extension Board Gen2 (EXT2) full/ITRI_EPD_Board/src/HW_drivers" --include_path="F:/PDI/Kit/EPD Extension Board GEN2/fw/EPD Extension Board Gen2 (EXT2) full/ITRI_EPD_Board/src" --include_path="F:/PDI/Kit/EPD Extension Board GEN2/fw/EPD Extension Board Gen2 (EXT2) full/ITRI_EPD_Board/src/PDI_apps_drivers" --include_path="F:/PDI/Kit/EPD Extension Board GEN2/fw/EPD Extension Board Gen2 (EXT2) full/ITRI_EPD_Board/src/PDI_displays_drivers" --include_path="F:/PDI/Kit/EPD Extension Board GEN2/fw/EPD Extension Board Gen2 (EXT2) full/ITRI_EPD_Board/src/PDI_displays_drivers/FPL_drivers" -g --gcc --define=ccs="ccs" --define=TARGET_IS_TM4C123_RB1 --define=PART_TM4C123GH6PM --define=USE_PDI_APPs --define=iTC_270_Spectra --diag_wrap=off --display_error_number --diag_warning=225 --small_enum --preproc_with_compile --preproc_dependency="src/HW_drivers/Watchdog.pp" --obj_directory="src/HW_drivers"  "../src/HW_drivers/Watchdog.c"
'Finished building: ../src/HW_drivers/Watchdog.c'
' '
'Building file: ../src/HW_drivers/crc16.c'
'Invoking: ARM Compiler'
"C:/ti/ccsv6/tools/compiler/ti-cgt-arm_5.2.5/bin/armcl" -mv7M4 --code_state=16 --float_support=FPv4SPD16 --abi=eabi -me -Ooff --opt_for_speed=1 --include_path="C:/ti/ccsv6/tools/compiler/ti-cgt-arm_5.2.5/include" --include_path="C:/ti/TivaWare_C_Series-2.1.1.71" --include_path="F:/PDI/Kit/EPD Extension Board GEN2/fw/EPD Extension Board Gen2 (EXT2) full/ITRI_EPD_Board/src/HW_drivers/usb" --include_path="F:/PDI/Kit/EPD Extension Board GEN2/fw/EPD Extension Board Gen2 (EXT2) full/ITRI_EPD_Board/driverlib" --include_path="F:/PDI/Kit/EPD Extension Board GEN2/fw/EPD Extension Board Gen2 (EXT2) full/ITRI_EPD_Board/src/HW_drivers" --include_path="F:/PDI/Kit/EPD Extension Board GEN2/fw/EPD Extension Board Gen2 (EXT2) full/ITRI_EPD_Board/src" --include_path="F:/PDI/Kit/EPD Extension Board GEN2/fw/EPD Extension Board Gen2 (EXT2) full/ITRI_EPD_Board/src/PDI_apps_drivers" --include_path="F:/PDI/Kit/EPD Extension Board GEN2/fw/EPD Extension Board Gen2 (EXT2) full/ITRI_EPD_Board/src/PDI_displays_drivers" --include_path="F:/PDI/Kit/EPD Extension Board GEN2/fw/EPD Extension Board Gen2 (EXT2) full/ITRI_EPD_Board/src/PDI_displays_drivers/FPL_drivers" -g --gcc --define=ccs="ccs" --define=TARGET_IS_TM4C123_RB1 --define=PART_TM4C123GH6PM --define=USE_PDI_APPs --define=iTC_270_Spectra --diag_wrap=off --display_error_number --diag_warning=225 --small_enum --preproc_with_compile --preproc_dependency="src/HW_drivers/crc16.pp" --obj_directory="src/HW_drivers"  "../src/HW_drivers/crc16.c"
'Finished building: ../src/HW_drivers/crc16.c'
' '
'Building file: ../src/HW_drivers/ringbuf.c'
'Invoking: ARM Compiler'
"C:/ti/ccsv6/tools/compiler/ti-cgt-arm_5.2.5/bin/armcl" -mv7M4 --code_state=16 --float_support=FPv4SPD16 --abi=eabi -me -Ooff --opt_for_speed=1 --include_path="C:/ti/ccsv6/tools/compiler/ti-cgt-arm_5.2.5/include" --include_path="C:/ti/TivaWare_C_Series-2.1.1.71" --include_path="F:/PDI/Kit/EPD Extension Board GEN2/fw/EPD Extension Board Gen2 (EXT2) full/ITRI_EPD_Board/src/HW_drivers/usb" --include_path="F:/PDI/Kit/EPD Extension Board GEN2/fw/EPD Extension Board Gen2 (EXT2) full/ITRI_EPD_Board/driverlib" --include_path="F:/PDI/Kit/EPD Extension Board GEN2/fw/EPD Extension Board Gen2 (EXT2) full/ITRI_EPD_Board/src/HW_drivers" --include_path="F:/PDI/Kit/EPD Extension Board GEN2/fw/EPD Extension Board Gen2 (EXT2) full/ITRI_EPD_Board/src" --include_path="F:/PDI/Kit/EPD Extension Board GEN2/fw/EPD Extension Board Gen2 (EXT2) full/ITRI_EPD_Board/src/PDI_apps_drivers" --include_path="F:/PDI/Kit/EPD Extension Board GEN2/fw/EPD Extension Board Gen2 (EXT2) full/ITRI_EPD_Board/src/PDI_displays_drivers" --include_path="F:/PDI/Kit/EPD Extension Board GEN2/fw/EPD Extension Board Gen2 (EXT2) full/ITRI_EPD_Board/src/PDI_displays_drivers/FPL_drivers" -g --gcc --define=ccs="ccs" --define=TARGET_IS_TM4C123_RB1 --define=PART_TM4C123GH6PM --define=USE_PDI_APPs --define=iTC_270_Spectra --diag_wrap=off --display_error_number --diag_warning=225 --small_enum --preproc_with_compile --preproc_dependency="src/HW_drivers/ringbuf.pp" --obj_directory="src/HW_drivers"  "../src/HW_drivers/ringbuf.c"
'Finished building: ../src/HW_drivers/ringbuf.c'
' '
'Building file: ../src/HW_drivers/uart_Driver.c'
'Invoking: ARM Compiler'
"C:/ti/ccsv6/tools/compiler/ti-cgt-arm_5.2.5/bin/armcl" -mv7M4 --code_state=16 --float_support=FPv4SPD16 --abi=eabi -me -Ooff --opt_for_speed=1 --include_path="C:/ti/ccsv6/tools/compiler/ti-cgt-arm_5.2.5/include" --include_path="C:/ti/TivaWare_C_Series-2.1.1.71" --include_path="F:/PDI/Kit/EPD Extension Board GEN2/fw/EPD Extension Board Gen2 (EXT2) full/ITRI_EPD_Board/src/HW_drivers/usb" --include_path="F:/PDI/Kit/EPD Extension Board GEN2/fw/EPD Extension Board Gen2 (EXT2) full/ITRI_EPD_Board/driverlib" --include_path="F:/PDI/Kit/EPD Extension Board GEN2/fw/EPD Extension Board Gen2 (EXT2) full/ITRI_EPD_Board/src/HW_drivers" --include_path="F:/PDI/Kit/EPD Extension Board GEN2/fw/EPD Extension Board Gen2 (EXT2) full/ITRI_EPD_Board/src" --include_path="F:/PDI/Kit/EPD Extension Board GEN2/fw/EPD Extension Board Gen2 (EXT2) full/ITRI_EPD_Board/src/PDI_apps_drivers" --include_path="F:/PDI/Kit/EPD Extension Board GEN2/fw/EPD Extension Board Gen2 (EXT2) full/ITRI_EPD_Board/src/PDI_displays_drivers" --include_path="F:/PDI/Kit/EPD Extension Board GEN2/fw/EPD Extension Board Gen2 (EXT2) full/ITRI_EPD_Board/src/PDI_displays_drivers/FPL_drivers" -g --gcc --define=ccs="ccs" --define=TARGET_IS_TM4C123_RB1 --define=PART_TM4C123GH6PM --define=USE_PDI_APPs --define=iTC_270_Spectra --diag_wrap=off --display_error_number --diag_warning=225 --small_enum --preproc_with_compile --preproc_dependency="src/HW_drivers/uart_Driver.pp" --obj_directory="src/HW_drivers"  "../src/HW_drivers/uart_Driver.c"
'Finished building: ../src/HW_drivers/uart_Driver.c'
' '
'Building target: ITRI_EPD_Board.out'
'Invoking: ARM Linker'
"C:/ti/ccsv6/tools/compiler/ti-cgt-arm_5.2.5/bin/armcl" -mv7M4 --code_state=16 --float_support=FPv4SPD16 --abi=eabi -me -Ooff --opt_for_speed=1 -g --gcc --define=ccs="ccs" --define=TARGET_IS_TM4C123_RB1 --define=PART_TM4C123GH6PM --define=USE_PDI_APPs --define=iTC_270_Spectra --diag_wrap=off --display_error_number --diag_warning=225 --small_enum -z -m"ITRI_EPD_Board.map" --heap_size=512 --stack_size=512 -i"C:/ti/ccsv6/tools/compiler/ti-cgt-arm_5.2.5/lib" -i"C:/ti/ccsv6/tools/compiler/ti-cgt-arm_5.2.5/include" --reread_libs --display_error_number --diag_wrap=off --warn_sections --xml_link_info="ITRI_EPD_Board_linkInfo.xml" --rom_model -o "ITRI_EPD_Board.out" "./tm4c123gh6pm_startup_ccs.obj" "./src/main_ITRL_APPs.obj" "./src/PDI_displays_drivers/FPL_drivers/iTC_270_Spectra.obj" "./src/PDI_displays_drivers/EPD_interface.obj" "./src/PDI_apps_drivers/Data_Module.obj" "./src/PDI_apps_drivers/Rtos.obj" "./src/HW_drivers/usb/usb_Driver.obj" "./src/HW_drivers/usb/usb_serial_structs.obj" "./src/HW_drivers/Board_HW_Driver.obj" "./src/HW_drivers/EPD_Temperature_IIC.obj" "./src/HW_drivers/Mem_Flash.obj" "./src/HW_drivers/Watchdog.obj" "./src/HW_drivers/crc16.obj" "./src/HW_drivers/ringbuf.obj" "./src/HW_drivers/uart_Driver.obj" "../tm4c123gh6pm_Debug.cmd" "../driverlib/driverlib.lib" "../driverlib/usblib.lib"  -l"libc.a" 
<Linking>
'Finished building target: ITRI_EPD_Board.out'
' '
'Invoking: ARM Hex Utility'
"C:/ti/ccsv6/tools/compiler/ti-cgt-arm_5.2.5/bin/armhex" --memwidth=8 --intel -o "ITRI_EPD_Board.hex"  "ITRI_EPD_Board.out" 
Translating to Intel format...
   "ITRI_EPD_Board.out" .intvecs ==> .intvecs
   "ITRI_EPD_Board.out" .text ==> .text
   "ITRI_EPD_Board.out" .const ==> .const
   "ITRI_EPD_Board.out" .cinit ==> .cinit
'Finished building: ITRI_EPD_Board.hex'
' '
"C:/ti/ccsv6/utils/tiobj2bin/tiobj2bin" "ITRI_EPD_Board.out" "ITRI_EPD_Board.bin" "C:/ti/ccsv6/tools/compiler/ti-cgt-arm_5.2.5/bin/armofd" "C:/ti/ccsv6/tools/compiler/ti-cgt-arm_5.2.5/bin/armhex" "C:/ti/ccsv6/utils/tiobj2bin/mkhex4bin"
' '

**** Build Finished ****
